<?xml version="1.0" encoding="utf-8"?>
<test-run id="2" testcasecount="269" result="Passed" total="269" passed="269" failed="0" inconclusive="0" skipped="0" asserts="0" engine-version="3.5.0.0" clr-version="4.0.30319.42000" start-time="2026-07-05 12:08:33Z" end-time="2026-07-05 12:08:43Z" duration="10.114538">
  <test-suite type="TestSuite" id="1000" name="ServTechSlash" fullname="ServTechSlash" runstate="Runnable" testcasecount="269" result="Passed" start-time="2026-07-05 12:08:33Z" end-time="2026-07-05 12:08:43Z" duration="10.114538" total="269" passed="269" failed="0" inconclusive="0" skipped="0" asserts="0">
    <properties>
      <property name="platform" value="EditMode" />
    </properties>
    <test-suite type="Assembly" id="1308" name="SaberTests.Editor.dll" fullname="C:/Users/shike/OneDrive/ドキュメント/GitHub/3D-Saber/Library/ScriptAssemblies/SaberTests.Editor.dll" runstate="Runnable" testcasecount="269" result="Passed" start-time="2026-07-05 12:08:33Z" end-time="2026-07-05 12:08:43Z" duration="10.090285" total="269" passed="269" failed="0" inconclusive="0" skipped="0" asserts="0">
      <properties>
        <property name="_PID" value="55700" />
        <property name="_APPDOMAIN" value="Unity Child Domain" />
        <property name="platform" value="EditMode" />
        <property name="EditorOnly" value="True" />
      </properties>
      <test-suite type="TestFixture" id="1001" name="BarLineSpawnerTests" fullname="BarLineSpawnerTests" classname="BarLineSpawnerTests" runstate="Runnable" testcasecount="5" result="Passed" start-time="2026-07-05 12:08:33Z" end-time="2026-07-05 12:08:33Z" duration="0.105873" total="5" passed="5" failed="0" inconclusive="0" skipped="0" asserts="0">
        <properties />
        <test-case id="1006" name="SetChart_ZeroBpm_DoesNotSpawn" fullname="BarLineSpawnerTests.SetChart_ZeroBpm_DoesNotSpawn" methodname="SetChart_ZeroBpm_DoesNotSpawn" classname="BarLineSpawnerTests" runstate="Runnable" seed="1657681678" result="Passed" start-time="2026-07-05 12:08:33Z" end-time="2026-07-05 12:08:33Z" duration="0.048568" asserts="0">
          <properties>
            <property name="retryIteration" value="0" />
            <property name="repeatIteration" value="0" />
          </properties>
        </test-case>
        <test-case id="1003" name="Tick_BarsSpawnedAtBPMInterval" fullname="BarLineSpawnerTests.Tick_BarsSpawnedAtBPMInterval" methodname="Tick_BarsSpawnedAtBPMInterval" classname="BarLineSpawnerTests" runstate="Runnable" seed="340329381" result="Passed" start-time="2026-07-05 12:08:33Z" end-time="2026-07-05 12:08:33Z" duration="0.009511" asserts="0">
          <properties>
            <property name="retryIteration" value="0" />
            <property name="repeatIteration" value="0" />
          </properties>
        </test-case>
        <test-case id="1005" name="Tick_DespawnsAfterPassingJudge" fullname="BarLineSpawnerTests.Tick_DespawnsAfterPassingJudge" methodname="Tick_DespawnsAfterPassingJudge" classname="BarLineSpawnerTests" runstate="Runnable" seed="429017191" result="Passed" start-time="2026-07-05 12:08:33Z" end-time="2026-07-05 12:08:33Z" duration="0.007683" asserts="0">
          <properties>
            <property name="retryIteration" value="0" />
            <property name="repeatIteration" value="0" />
          </properties>
        </test-case>
        <test-case id="1002" name="Tick_SpawnsBarsWithinLeadTime" fullname="BarLineSpawnerTests.Tick_SpawnsBarsWithinLeadTime" methodname="Tick_SpawnsBarsWithinLeadTime" classname="BarLineSpawnerTests" runstate="Runnable" seed="1393275501" result="Passed" start-time="2026-07-05 12:08:33Z" end-time="2026-07-05 12:08:33Z" duration="0.000938" asserts="0">
          <properties>
            <property name="retryIteration" value="0" />
            <property name="repeatIteration" value="0" />
          </properties>
        </test-case>
        <test-case id="1004" name="Tick_StopsAfterEndTime" fullname="BarLineSpawnerTests.Tick_StopsAfterEndTime" methodname="Tick_StopsAfterEndTime" classname="BarLineSpawnerTests" runstate="Runnable" seed="720285214" result="Passed" start-time="2026-07-05 12:08:33Z" end-time="2026-07-05 12:08:33Z" duration="0.001934" asserts="0">
          <properties>
            <property name="retryIteration" value="0" />
            <property name="repeatIteration" value="0" />
          </properties>
        </test-case>
      </test-suite>
      <test-suite type="TestFixture" id="1007" name="CalibrationModeTests" fullname="CalibrationModeTests" classname="CalibrationModeTests" runstate="Runnable" testcasecount="6" result="Passed" start-time="2026-07-05 12:08:33Z" end-time="2026-07-05 12:08:33Z" duration="0.013602" total="6" passed="6" failed="0" inconclusive="0" skipped="0" asserts="0">
        <properties />
        <test-case id="1009" name="IsCalibrationMode_CanBeSet" fullname="CalibrationModeTests.IsCalibrationMode_CanBeSet" methodname="IsCalibrationMode_CanBeSet" classname="CalibrationModeTests" runstate="Runnable" seed="36423280" result="Passed" start-time="2026-07-05 12:08:33Z" end-time="2026-07-05 12:08:33Z" duration="0.001477" asserts="0">
          <properties>
            <property name="retryIteration" value="0" />
            <property name="repeatIteration" value="0" />
          </properties>
        </test-case>
        <test-case id="1008" name="IsCalibrationMode_DefaultFalse" fullname="CalibrationModeTests.IsCalibrationMode_DefaultFalse" methodname="IsCalibrationMode_DefaultFalse" classname="CalibrationModeTests" runstate="Runnable" seed="568133932" result="Passed" start-time="2026-07-05 12:08:33Z" end-time="2026-07-05 12:08:33Z" duration="0.000662" asserts="0">
          <properties>
            <property name="retryIteration" value="0" />
            <property name="repeatIteration" value="0" />
          </properties>
        </test-case>
        <test-case id="1010" name="SynthesizeCalibrationChart_GeneratesNotesAtBeatInterval" fullname="CalibrationModeTests.SynthesizeCalibrationChart_GeneratesNotesAtBeatInterval" methodname="SynthesizeCalibrationChart_GeneratesNotesAtBeatInterval" classname="CalibrationModeTests" runstate="Runnable" seed="1856560509" result="Passed" start-time="2026-07-05 12:08:33Z" end-time="2026-07-05 12:08:33Z" duration="0.002684" asserts="0">
          <properties>
            <property name="retryIteration" value="0" />
            <property name="repeatIteration" value="0" />
          </properties>
        </test-case>
        <test-case id="1012" name="SynthesizeCalibrationChart_LongDurationBigChart" fullname="CalibrationModeTests.SynthesizeCalibrationChart_LongDurationBigChart" methodname="SynthesizeCalibrationChart_LongDurationBigChart" classname="CalibrationModeTests" runstate="Runnable" seed="808005023" result="Passed" start-time="2026-07-05 12:08:33Z" end-time="2026-07-05 12:08:33Z" duration="0.001559" asserts="0">
          <properties>
            <property name="retryIteration" value="0" />
            <property name="repeatIteration" value="0" />
          </properties>
        </test-case>
        <test-case id="1011" name="SynthesizeCalibrationChart_NotesAreCenterTaps" fullname="CalibrationModeTests.SynthesizeCalibrationChart_NotesAreCenterTaps" methodname="SynthesizeCalibrationChart_NotesAreCenterTaps" classname="CalibrationModeTests" runstate="Runnable" seed="1841204099" result="Passed" start-time="2026-07-05 12:08:33Z" end-time="2026-07-05 12:08:33Z" duration="0.002068" asserts="0">
          <properties>
            <property name="retryIteration" value="0" />
            <property name="repeatIteration" value="0" />
          </properties>
        </test-case>
        <test-case id="1013" name="SynthesizeCalibrationChart_RespectsBpm" fullname="CalibrationModeTests.SynthesizeCalibrationChart_RespectsBpm" methodname="SynthesizeCalibrationChart_RespectsBpm" classname="CalibrationModeTests" runstate="Runnable" seed="74705994" result="Passed" start-time="2026-07-05 12:08:33Z" end-time="2026-07-05 12:08:33Z" duration="0.000513" asserts="0">
          <properties>
            <property name="retryIteration" value="0" />
            <property name="repeatIteration" value="0" />
          </properties>
        </test-case>
      </test-suite>
      <test-suite type="TestFixture" id="1014" name="ChartLoaderTests" fullname="ChartLoaderTests" classname="ChartLoaderTests" runstate="Runnable" testcasecount="10" result="Passed" start-time="2026-07-05 12:08:33Z" end-time="2026-07-05 12:08:33Z" duration="0.144379" total="10" passed="10" failed="0" inconclusive="0" skipped="0" asserts="0">
        <properties />
        <test-case id="1024" name="LoadFromStreamingAssets_CaseInsensitive" fullname="ChartLoaderTests.LoadFromStreamingAssets_CaseInsensitive" methodname="LoadFromStreamingAssets_CaseInsensitive" classname="ChartLoaderTests" runstate="Runnable" seed="1545637145" result="Passed" start-time="2026-07-05 12:08:33Z" end-time="2026-07-05 12:08:33Z" duration="0.033441" asserts="0">
          <properties>
            <property name="retryIteration" value="0" />
            <property name="repeatIteration" value="0" />
          </properties>
        </test-case>
        <test-case id="1021" name="LoadFromStreamingAssets_EasyDifficulty_HasFewerNotesThanNormal" fullname="ChartLoaderTests.LoadFromStreamingAssets_EasyDifficulty_HasFewerNotesThanNormal" methodname="LoadFromStreamingAssets_EasyDifficulty_HasFewerNotesThanNormal" classname="ChartLoaderTests" runstate="Runnable" seed="1599962242" result="Passed" start-time="2026-07-05 12:08:33Z" end-time="2026-07-05 12:08:33Z" duration="0.034805" asserts="0">
          <properties>
            <property name="retryIteration" value="0" />
            <property name="repeatIteration" value="0" />
          </properties>
        </test-case>
        <test-case id="1022" name="LoadFromStreamingAssets_HardDifficulty_HasMoreNotesThanNormal" fullname="ChartLoaderTests.LoadFromStreamingAssets_HardDifficulty_HasMoreNotesThanNormal" methodname="LoadFromStreamingAssets_HardDifficulty_HasMoreNotesThanNormal" classname="ChartLoaderTests" runstate="Runnable" seed="944973639" result="Passed" start-time="2026-07-05 12:08:33Z" end-time="2026-07-05 12:08:33Z" duration="0.033535" asserts="0">
          <properties>
            <property name="retryIteration" value="0" />
            <property name="repeatIteration" value="0" />
          </properties>
        </test-case>
        <test-case id="1020" name="LoadFromStreamingAssets_NormalDifficulty_LoadsNormalChart" fullname="ChartLoaderTests.LoadFromStreamingAssets_NormalDifficulty_LoadsNormalChart" methodname="LoadFromStreamingAssets_NormalDifficulty_LoadsNormalChart" classname="ChartLoaderTests" runstate="Runnable" seed="1147539488" result="Passed" start-time="2026-07-05 12:08:33Z" end-time="2026-07-05 12:08:33Z" duration="0.003343" asserts="0">
          <properties>
            <property name="retryIteration" value="0" />
            <property name="repeatIteration" value="0" />
          </properties>
        </test-case>
        <test-case id="1019" name="LoadFromStreamingAssets_NullDifficulty_FallsBackToLegacyChart" fullname="ChartLoaderTests.LoadFromStreamingAssets_NullDifficulty_FallsBackToLegacyChart" methodname="LoadFromStreamingAssets_NullDifficulty_FallsBackToLegacyChart" classname="ChartLoaderTests" runstate="Runnable" seed="153469851" result="Passed" start-time="2026-07-05 12:08:33Z" end-time="2026-07-05 12:08:33Z" duration="0.027431" asserts="0">
          <properties>
            <property name="retryIteration" value="0" />
            <property name="repeatIteration" value="0" />
          </properties>
        </test-case>
        <test-case id="1023" name="LoadFromStreamingAssets_UnknownDifficulty_FallsBackToLegacy" fullname="ChartLoaderTests.LoadFromStreamingAssets_UnknownDifficulty_FallsBackToLegacy" methodname="LoadFromStreamingAssets_UnknownDifficulty_FallsBackToLegacy" classname="ChartLoaderTests" runstate="Runnable" seed="1869651418" result="Passed" start-time="2026-07-05 12:08:33Z" end-time="2026-07-05 12:08:33Z" duration="0.003273" asserts="0">
          <properties>
            <property name="retryIteration" value="0" />
            <property name="repeatIteration" value="0" />
          </properties>
        </test-case>
        <test-case id="1018" name="Parse_EmptyString_ReturnsEmptyChart" fullname="ChartLoaderTests.Parse_EmptyString_ReturnsEmptyChart" methodname="Parse_EmptyString_ReturnsEmptyChart" classname="ChartLoaderTests" runstate="Runnable" seed="216841627" result="Passed" start-time="2026-07-05 12:08:33Z" end-time="2026-07-05 12:08:33Z" duration="0.000541" asserts="0">
          <properties>
            <property name="retryIteration" value="0" />
            <property name="repeatIteration" value="0" />
          </properties>
        </test-case>
        <test-case id="1015" name="Parse_ReadsBpmAndNotes" fullname="ChartLoaderTests.Parse_ReadsBpmAndNotes" methodname="Parse_ReadsBpmAndNotes" classname="ChartLoaderTests" runstate="Runnable" seed="406591671" result="Passed" start-time="2026-07-05 12:08:33Z" end-time="2026-07-05 12:08:33Z" duration="0.000417" asserts="0">
          <properties>
            <property name="retryIteration" value="0" />
            <property name="repeatIteration" value="0" />
          </properties>
        </test-case>
        <test-case id="1016" name="Parse_SortsNotesByTime" fullname="ChartLoaderTests.Parse_SortsNotesByTime" methodname="Parse_SortsNotesByTime" classname="ChartLoaderTests" runstate="Runnable" seed="540138361" result="Passed" start-time="2026-07-05 12:08:33Z" end-time="2026-07-05 12:08:33Z" duration="0.001616" asserts="0">
          <properties>
            <property name="retryIteration" value="0" />
            <property name="repeatIteration" value="0" />
          </properties>
        </test-case>
        <test-case id="1017" name="Parse_TimeSeconds_IsMsDivided" fullname="ChartLoaderTests.Parse_TimeSeconds_IsMsDivided" methodname="Parse_TimeSeconds_IsMsDivided" classname="ChartLoaderTests" runstate="Runnable" seed="856079190" result="Passed" start-time="2026-07-05 12:08:33Z" end-time="2026-07-05 12:08:33Z" duration="0.000465" asserts="0">
          <properties>
            <property name="retryIteration" value="0" />
            <property name="repeatIteration" value="0" />
          </properties>
        </test-case>
      </test-suite>
      <test-suite type="TestFixture" id="1025" name="CompletionRatioTests" fullname="CompletionRatioTests" classname="CompletionRatioTests" runstate="Runnable" testcasecount="6" result="Passed" start-time="2026-07-05 12:08:33Z" end-time="2026-07-05 12:08:33Z" duration="0.007543" total="6" passed="6" failed="0" inconclusive="0" skipped="0" asserts="0">
        <properties />
        <test-case id="1031" name="ScaleTier_ReturnsWorseOfBaseAndRatio" fullname="CompletionRatioTests.ScaleTier_ReturnsWorseOfBaseAndRatio" methodname="ScaleTier_ReturnsWorseOfBaseAndRatio" classname="CompletionRatioTests" runstate="Runnable" seed="1365139529" result="Passed" start-time="2026-07-05 12:08:33Z" end-time="2026-07-05 12:08:33Z" duration="0.002539" asserts="0">
          <properties>
            <property name="retryIteration" value="0" />
            <property name="repeatIteration" value="0" />
          </properties>
        </test-case>
        <test-case id="1029" name="TierByCompletionRatio_BadRange" fullname="CompletionRatioTests.TierByCompletionRatio_BadRange" methodname="TierByCompletionRatio_BadRange" classname="CompletionRatioTests" runstate="Runnable" seed="1125621228" result="Passed" start-time="2026-07-05 12:08:33Z" end-time="2026-07-05 12:08:33Z" duration="0.000434" asserts="0">
          <properties>
            <property name="retryIteration" value="0" />
            <property name="repeatIteration" value="0" />
          </properties>
        </test-case>
        <test-case id="1026" name="TierByCompletionRatio_FullCompletion_IsPerfect" fullname="CompletionRatioTests.TierByCompletionRatio_FullCompletion_IsPerfect" methodname="TierByCompletionRatio_FullCompletion_IsPerfect" classname="CompletionRatioTests" runstate="Runnable" seed="318305896" result="Passed" start-time="2026-07-05 12:08:33Z" end-time="2026-07-05 12:08:33Z" duration="0.000301" asserts="0">
          <properties>
            <property name="retryIteration" value="0" />
            <property name="repeatIteration" value="0" />
          </properties>
        </test-case>
        <test-case id="1028" name="TierByCompletionRatio_GoodRange" fullname="CompletionRatioTests.TierByCompletionRatio_GoodRange" methodname="TierByCompletionRatio_GoodRange" classname="CompletionRatioTests" runstate="Runnable" seed="1064031584" result="Passed" start-time="2026-07-05 12:08:33Z" end-time="2026-07-05 12:08:33Z" duration="0.000284" asserts="0">
          <properties>
            <property name="retryIteration" value="0" />
            <property name="repeatIteration" value="0" />
          </properties>
        </test-case>
        <test-case id="1027" name="TierByCompletionRatio_GreatRange" fullname="CompletionRatioTests.TierByCompletionRatio_GreatRange" methodname="TierByCompletionRatio_GreatRange" classname="CompletionRatioTests" runstate="Runnable" seed="750265695" result="Passed" start-time="2026-07-05 12:08:33Z" end-time="2026-07-05 12:08:33Z" duration="0.000255" asserts="0">
          <properties>
            <property name="retryIteration" value="0" />
            <property name="repeatIteration" value="0" />
          </properties>
        </test-case>
        <test-case id="1030" name="TierByCompletionRatio_MissRange" fullname="CompletionRatioTests.TierByCompletionRatio_MissRange" methodname="TierByCompletionRatio_MissRange" classname="CompletionRatioTests" runstate="Runnable" seed="434270294" result="Passed" start-time="2026-07-05 12:08:33Z" end-time="2026-07-05 12:08:33Z" duration="0.000309" asserts="0">
          <properties>
            <property name="retryIteration" value="0" />
            <property name="repeatIteration" value="0" />
          </properties>
        </test-case>
      </test-suite>
      <test-suite type="TestFixture" id="1032" name="CutDirectionHintTests" fullname="CutDirectionHintTests" classname="CutDirectionHintTests" runstate="Runnable" testcasecount="5" result="Passed" start-time="2026-07-05 12:08:33Z" end-time="2026-07-05 12:08:33Z" duration="0.050258" total="5" passed="5" failed="0" inconclusive="0" skipped="0" asserts="0">
        <properties />
        <test-case id="1035" name="MatchesWithHint_NeitherMatches_Fails" fullname="CutDirectionHintTests.MatchesWithHint_NeitherMatches_Fails" methodname="MatchesWithHint_NeitherMatches_Fails" classname="CutDirectionHintTests" runstate="Runnable" seed="2142182637" result="Passed" start-time="2026-07-05 12:08:33Z" end-time="2026-07-05 12:08:33Z" duration="0.001304" asserts="0">
          <properties>
            <property name="retryIteration" value="0" />
            <property name="repeatIteration" value="0" />
          </properties>
        </test-case>
        <test-case id="1036" name="MatchesWithHint_NoneRequired_AlwaysOK" fullname="CutDirectionHintTests.MatchesWithHint_NoneRequired_AlwaysOK" methodname="MatchesWithHint_NoneRequired_AlwaysOK" classname="CutDirectionHintTests" runstate="Runnable" seed="2089826325" result="Passed" start-time="2026-07-05 12:08:33Z" end-time="2026-07-05 12:08:33Z" duration="0.000368" asserts="0">
          <properties>
            <property name="retryIteration" value="0" />
            <property name="repeatIteration" value="0" />
          </properties>
        </test-case>
        <test-case id="1034" name="MatchesWithHint_VelocityFails_HintMatches_OK" fullname="CutDirectionHintTests.MatchesWithHint_VelocityFails_HintMatches_OK" methodname="MatchesWithHint_VelocityFails_HintMatches_OK" classname="CutDirectionHintTests" runstate="Runnable" seed="7353274" result="Passed" start-time="2026-07-05 12:08:33Z" end-time="2026-07-05 12:08:33Z" duration="0.000282" asserts="0">
          <properties>
            <property name="retryIteration" value="0" />
            <property name="repeatIteration" value="0" />
          </properties>
        </test-case>
        <test-case id="1033" name="MatchesWithHint_VelocityMatch_OK" fullname="CutDirectionHintTests.MatchesWithHint_VelocityMatch_OK" methodname="MatchesWithHint_VelocityMatch_OK" classname="CutDirectionHintTests" runstate="Runnable" seed="271047906" result="Passed" start-time="2026-07-05 12:08:33Z" end-time="2026-07-05 12:08:33Z" duration="0.000418" asserts="0">
          <properties>
            <property name="retryIteration" value="0" />
            <property name="repeatIteration" value="0" />
          </properties>
        </test-case>
        <test-case id="1037" name="Note_CutWithImuHint_WrongVelocityStillCorrectIfHintMatches" fullname="CutDirectionHintTests.Note_CutWithImuHint_WrongVelocityStillCorrectIfHintMatches" methodname="Note_CutWithImuHint_WrongVelocityStillCorrectIfHintMatches" classname="CutDirectionHintTests" runstate="Runnable" seed="1542311448" result="Passed" start-time="2026-07-05 12:08:33Z" end-time="2026-07-05 12:08:33Z" duration="0.044866" asserts="0">
          <properties>
            <property name="retryIteration" value="0" />
            <property name="repeatIteration" value="0" />
          </properties>
        </test-case>
      </test-suite>
      <test-suite type="TestFixture" id="1038" name="CutDirectionTests" fullname="CutDirectionTests" classname="CutDirectionTests" runstate="Runnable" testcasecount="13" result="Passed" start-time="2026-07-05 12:08:33Z" end-time="2026-07-05 12:08:33Z" duration="0.011920" total="13" passed="13" failed="0" inconclusive="0" skipped="0" asserts="0">
        <properties />
        <test-case id="1042" name="Matches_DiagonalDirection" fullname="CutDirectionTests.Matches_DiagonalDirection" methodname="Matches_DiagonalDirection" classname="CutDirectionTests" runstate="Runnable" seed="1703535387" result="Passed" start-time="2026-07-05 12:08:33Z" end-time="2026-07-05 12:08:33Z" duration="0.000574" asserts="0">
          <properties>
            <property name="retryIteration" value="0" />
            <property name="repeatIteration" value="0" />
          </properties>
        </test-case>
        <test-case id="1040" name="Matches_NoneAlwaysMatches" fullname="CutDirectionTests.Matches_NoneAlwaysMatches" methodname="Matches_NoneAlwaysMatches" classname="CutDirectionTests" runstate="Runnable" seed="1450465850" result="Passed" start-time="2026-07-05 12:08:33Z" end-time="2026-07-05 12:08:33Z" duration="0.000471" asserts="0">
          <properties>
            <property name="retryIteration" value="0" />
            <property name="repeatIteration" value="0" />
          </properties>
        </test-case>
        <test-case id="1041" name="Matches_RightDirection" fullname="CutDirectionTests.Matches_RightDirection" methodname="Matches_RightDirection" classname="CutDirectionTests" runstate="Runnable" seed="1591454329" result="Passed" start-time="2026-07-05 12:08:33Z" end-time="2026-07-05 12:08:33Z" duration="0.000484" asserts="0">
          <properties>
            <property name="retryIteration" value="0" />
            <property name="repeatIteration" value="0" />
          </properties>
        </test-case>
        <test-case id="1044" name="Matches_StrictTolerance_45DegOff_Fails" fullname="CutDirectionTests.Matches_StrictTolerance_45DegOff_Fails" methodname="Matches_StrictTolerance_45DegOff_Fails" classname="CutDirectionTests" runstate="Runnable" seed="739975000" result="Passed" start-time="2026-07-05 12:08:33Z" end-time="2026-07-05 12:08:33Z" duration="0.000296" asserts="0">
          <properties>
            <property name="retryIteration" value="0" />
            <property name="repeatIteration" value="0" />
          </properties>
        </test-case>
        <test-case id="1045" name="Matches_StrictTolerance_NearlyCorrect_Passes" fullname="CutDirectionTests.Matches_StrictTolerance_NearlyCorrect_Passes" methodname="Matches_StrictTolerance_NearlyCorrect_Passes" classname="CutDirectionTests" runstate="Runnable" seed="1898209445" result="Passed" start-time="2026-07-05 12:08:33Z" end-time="2026-07-05 12:08:33Z" duration="0.000261" asserts="0">
          <properties>
            <property name="retryIteration" value="0" />
            <property name="repeatIteration" value="0" />
          </properties>
        </test-case>
        <test-case id="1043" name="Matches_ZeroVelocityFails" fullname="CutDirectionTests.Matches_ZeroVelocityFails" methodname="Matches_ZeroVelocityFails" classname="CutDirectionTests" runstate="Runnable" seed="2087251408" result="Passed" start-time="2026-07-05 12:08:33Z" end-time="2026-07-05 12:08:33Z" duration="0.000288" asserts="0">
          <properties>
            <property name="retryIteration" value="0" />
            <property name="repeatIteration" value="0" />
          </properties>
        </test-case>
        <test-case id="1039" name="Parse_KnownStrings" fullname="CutDirectionTests.Parse_KnownStrings" methodname="Parse_KnownStrings" classname="CutDirectionTests" runstate="Runnable" seed="1116556926" result="Passed" start-time="2026-07-05 12:08:33Z" end-time="2026-07-05 12:08:33Z" duration="0.001260" asserts="0">
          <properties>
            <property name="retryIteration" value="0" />
            <property name="repeatIteration" value="0" />
          </properties>
        </test-case>
        <test-case id="1050" name="ShouldRejectOpposite_ImuRescuesOpposite" fullname="CutDirectionTests.ShouldRejectOpposite_ImuRescuesOpposite" methodname="ShouldRejectOpposite_ImuRescuesOpposite" classname="CutDirectionTests" runstate="Runnable" seed="1752999154" result="Passed" start-time="2026-07-05 12:08:33Z" end-time="2026-07-05 12:08:33Z" duration="0.000629" asserts="0">
          <properties>
            <property name="retryIteration" value="0" />
            <property name="repeatIteration" value="0" />
          </properties>
        </test-case>
        <test-case id="1046" name="ShouldRejectOpposite_None_NeverRejects" fullname="CutDirectionTests.ShouldRejectOpposite_None_NeverRejects" methodname="ShouldRejectOpposite_None_NeverRejects" classname="CutDirectionTests" runstate="Runnable" seed="1856983986" result="Passed" start-time="2026-07-05 12:08:33Z" end-time="2026-07-05 12:08:33Z" duration="0.000413" asserts="0">
          <properties>
            <property name="retryIteration" value="0" />
            <property name="repeatIteration" value="0" />
          </properties>
        </test-case>
        <test-case id="1047" name="ShouldRejectOpposite_OppositeVelocity_Rejects" fullname="CutDirectionTests.ShouldRejectOpposite_OppositeVelocity_Rejects" methodname="ShouldRejectOpposite_OppositeVelocity_Rejects" classname="CutDirectionTests" runstate="Runnable" seed="186348435" result="Passed" start-time="2026-07-05 12:08:33Z" end-time="2026-07-05 12:08:33Z" duration="0.000307" asserts="0">
          <properties>
            <property name="retryIteration" value="0" />
            <property name="repeatIteration" value="0" />
          </properties>
        </test-case>
        <test-case id="1048" name="ShouldRejectOpposite_Perpendicular_DoesNotReject" fullname="CutDirectionTests.ShouldRejectOpposite_Perpendicular_DoesNotReject" methodname="ShouldRejectOpposite_Perpendicular_DoesNotReject" classname="CutDirectionTests" runstate="Runnable" seed="1887694196" result="Passed" start-time="2026-07-05 12:08:33Z" end-time="2026-07-05 12:08:33Z" duration="0.000377" asserts="0">
          <properties>
            <property name="retryIteration" value="0" />
            <property name="repeatIteration" value="0" />
          </properties>
        </test-case>
        <test-case id="1049" name="ShouldRejectOpposite_SlightlyOff_DoesNotReject" fullname="CutDirectionTests.ShouldRejectOpposite_SlightlyOff_DoesNotReject" methodname="ShouldRejectOpposite_SlightlyOff_DoesNotReject" classname="CutDirectionTests" runstate="Runnable" seed="1800843646" result="Passed" start-time="2026-07-05 12:08:33Z" end-time="2026-07-05 12:08:33Z" duration="0.000266" asserts="0">
          <properties>
            <property name="retryIteration" value="0" />
            <property name="repeatIteration" value="0" />
          </properties>
        </test-case>
        <test-case id="1051" name="ShouldRejectOpposite_ZeroVelocity_DoesNotReject" fullname="CutDirectionTests.ShouldRejectOpposite_ZeroVelocity_DoesNotReject" methodname="ShouldRejectOpposite_ZeroVelocity_DoesNotReject" classname="CutDirectionTests" runstate="Runnable" seed="70182117" result="Passed" start-time="2026-07-05 12:08:33Z" end-time="2026-07-05 12:08:33Z" duration="0.000241" asserts="0">
          <properties>
            <property name="retryIteration" value="0" />
            <property name="repeatIteration" value="0" />
          </properties>
        </test-case>
      </test-suite>
      <test-suite type="TestFixture" id="1052" name="CuttableNoteTests" fullname="CuttableNoteTests" classname="CuttableNoteTests" runstate="Runnable" testcasecount="8" result="Passed" start-time="2026-07-05 12:08:33Z" end-time="2026-07-05 12:08:33Z" duration="0.031518" total="8" passed="8" failed="0" inconclusive="0" skipped="0" asserts="0">
        <properties />
        <test-case id="1055" name="Cut_AfterMiss_DoesNothing" fullname="CuttableNoteTests.Cut_AfterMiss_DoesNothing" methodname="Cut_AfterMiss_DoesNothing" classname="CuttableNoteTests" runstate="Runnable" seed="1683653346" result="Passed" start-time="2026-07-05 12:08:33Z" end-time="2026-07-05 12:08:33Z" duration="0.002027" asserts="0">
          <properties>
            <property name="retryIteration" value="0" />
            <property name="repeatIteration" value="0" />
          </properties>
        </test-case>
        <test-case id="1053" name="Cut_FlipsState_AndFiresEventOnce" fullname="CuttableNoteTests.Cut_FlipsState_AndFiresEventOnce" methodname="Cut_FlipsState_AndFiresEventOnce" classname="CuttableNoteTests" runstate="Runnable" seed="347196527" result="Passed" start-time="2026-07-05 12:08:33Z" end-time="2026-07-05 12:08:33Z" duration="0.002023" asserts="0">
          <properties>
            <property name="retryIteration" value="0" />
            <property name="repeatIteration" value="0" />
          </properties>
        </test-case>
        <test-case id="1056" name="Cut_Long_FiresPartialCutPerCall_ThenOnCutOnce" fullname="CuttableNoteTests.Cut_Long_FiresPartialCutPerCall_ThenOnCutOnce" methodname="Cut_Long_FiresPartialCutPerCall_ThenOnCutOnce" classname="CuttableNoteTests" runstate="Runnable" seed="118668193" result="Passed" start-time="2026-07-05 12:08:33Z" end-time="2026-07-05 12:08:33Z" duration="0.015134" asserts="0">
          <properties>
            <property name="retryIteration" value="0" />
            <property name="repeatIteration" value="0" />
          </properties>
        </test-case>
        <test-case id="1058" name="Cut_OppositeDirection_DoesNotAdvanceState" fullname="CuttableNoteTests.Cut_OppositeDirection_DoesNotAdvanceState" methodname="Cut_OppositeDirection_DoesNotAdvanceState" classname="CuttableNoteTests" runstate="Runnable" seed="411672682" result="Passed" start-time="2026-07-05 12:08:33Z" end-time="2026-07-05 12:08:33Z" duration="0.001416" asserts="0">
          <properties>
            <property name="retryIteration" value="0" />
            <property name="repeatIteration" value="0" />
          </properties>
        </test-case>
        <test-case id="1060" name="Cut_OppositeOnLongNote_DoesNotConsumeCut" fullname="CuttableNoteTests.Cut_OppositeOnLongNote_DoesNotConsumeCut" methodname="Cut_OppositeOnLongNote_DoesNotConsumeCut" classname="CuttableNoteTests" runstate="Runnable" seed="1509396873" result="Passed" start-time="2026-07-05 12:08:33Z" end-time="2026-07-05 12:08:33Z" duration="0.001750" asserts="0">
          <properties>
            <property name="retryIteration" value="0" />
            <property name="repeatIteration" value="0" />
          </properties>
        </test-case>
        <test-case id="1059" name="Cut_PerpendicularDirection_StillCuts" fullname="CuttableNoteTests.Cut_PerpendicularDirection_StillCuts" methodname="Cut_PerpendicularDirection_StillCuts" classname="CuttableNoteTests" runstate="Runnable" seed="908034324" result="Passed" start-time="2026-07-05 12:08:33Z" end-time="2026-07-05 12:08:33Z" duration="0.001561" asserts="0">
          <properties>
            <property name="retryIteration" value="0" />
            <property name="repeatIteration" value="0" />
          </properties>
        </test-case>
        <test-case id="1057" name="Cut_Tap_FiresPartialCutOnce" fullname="CuttableNoteTests.Cut_Tap_FiresPartialCutOnce" methodname="Cut_Tap_FiresPartialCutOnce" classname="CuttableNoteTests" runstate="Runnable" seed="1140154286" result="Passed" start-time="2026-07-05 12:08:33Z" end-time="2026-07-05 12:08:33Z" duration="0.001532" asserts="0">
          <properties>
            <property name="retryIteration" value="0" />
            <property name="repeatIteration" value="0" />
          </properties>
        </test-case>
        <test-case id="1054" name="MarkMiss_FlipsState_AndFiresEventOnce" fullname="CuttableNoteTests.MarkMiss_FlipsState_AndFiresEventOnce" methodname="MarkMiss_FlipsState_AndFiresEventOnce" classname="CuttableNoteTests" runstate="Runnable" seed="1056035815" result="Passed" start-time="2026-07-05 12:08:33Z" end-time="2026-07-05 12:08:33Z" duration="0.001164" asserts="0">
          <properties>
            <property name="retryIteration" value="0" />
            <property name="repeatIteration" value="0" />
          </properties>
        </test-case>
      </test-suite>
      <test-suite type="TestFixture" id="1061" name="DirectionAndLongNoteTests" fullname="DirectionAndLongNoteTests" classname="DirectionAndLongNoteTests" runstate="Runnable" testcasecount="9" result="Passed" start-time="2026-07-05 12:08:33Z" end-time="2026-07-05 12:08:34Z" duration="0.399618" total="9" passed="9" failed="0" inconclusive="0" skipped="0" asserts="0">
        <properties />
        <test-case id="1062" name="DirectionNote_CutInRequiredDirection_IsCorrect" fullname="DirectionAndLongNoteTests.DirectionNote_CutInRequiredDirection_IsCorrect" methodname="DirectionNote_CutInRequiredDirection_IsCorrect" classname="DirectionAndLongNoteTests" runstate="Runnable" seed="1902848386" result="Passed" start-time="2026-07-05 12:08:33Z" end-time="2026-07-05 12:08:33Z" duration="0.002246" asserts="0">
          <properties>
            <property name="retryIteration" value="0" />
            <property name="repeatIteration" value="0" />
          </properties>
        </test-case>
        <test-case id="1063" name="DirectionNote_CutInWrongDirection_IsIncorrect" fullname="DirectionAndLongNoteTests.DirectionNote_CutInWrongDirection_IsIncorrect" methodname="DirectionNote_CutInWrongDirection_IsIncorrect" classname="DirectionAndLongNoteTests" runstate="Runnable" seed="596113344" result="Passed" start-time="2026-07-05 12:08:33Z" end-time="2026-07-05 12:08:33Z" duration="0.001372" asserts="0">
          <properties>
            <property name="retryIteration" value="0" />
            <property name="repeatIteration" value="0" />
          </properties>
        </test-case>
        <test-case id="1070" name="LongNote_CountLabel_DecrementsAndDisappears" fullname="DirectionAndLongNoteTests.LongNote_CountLabel_DecrementsAndDisappears" methodname="LongNote_CountLabel_DecrementsAndDisappears" classname="DirectionAndLongNoteTests" runstate="Runnable" seed="699961423" result="Passed" start-time="2026-07-05 12:08:33Z" end-time="2026-07-05 12:08:34Z" duration="0.374525" asserts="0">
          <properties>
            <property name="retryIteration" value="0" />
            <property name="repeatIteration" value="0" />
          </properties>
        </test-case>
        <test-case id="1069" name="LongNote_CracksAddedEachCut" fullname="DirectionAndLongNoteTests.LongNote_CracksAddedEachCut" methodname="LongNote_CracksAddedEachCut" classname="DirectionAndLongNoteTests" runstate="Runnable" seed="737810790" result="Passed" start-time="2026-07-05 12:08:34Z" end-time="2026-07-05 12:08:34Z" duration="0.004573" asserts="0">
          <properties>
            <property name="retryIteration" value="0" />
            <property name="repeatIteration" value="0" />
          </properties>
        </test-case>
        <test-case id="1066" name="LongNote_OnCutFiresOnlyAtFinalCut" fullname="DirectionAndLongNoteTests.LongNote_OnCutFiresOnlyAtFinalCut" methodname="LongNote_OnCutFiresOnlyAtFinalCut" classname="DirectionAndLongNoteTests" runstate="Runnable" seed="1287029907" result="Passed" start-time="2026-07-05 12:08:34Z" end-time="2026-07-05 12:08:34Z" duration="0.003372" asserts="0">
          <properties>
            <property name="retryIteration" value="0" />
            <property name="repeatIteration" value="0" />
          </properties>
        </test-case>
        <test-case id="1067" name="LongNote_PartialMiss_FiresOnCutNotOnMiss" fullname="DirectionAndLongNoteTests.LongNote_PartialMiss_FiresOnCutNotOnMiss" methodname="LongNote_PartialMiss_FiresOnCutNotOnMiss" classname="DirectionAndLongNoteTests" runstate="Runnable" seed="461540919" result="Passed" start-time="2026-07-05 12:08:34Z" end-time="2026-07-05 12:08:34Z" duration="0.002195" asserts="0">
          <properties>
            <property name="retryIteration" value="0" />
            <property name="repeatIteration" value="0" />
          </properties>
        </test-case>
        <test-case id="1065" name="LongNote_RequiresMultipleCuts" fullname="DirectionAndLongNoteTests.LongNote_RequiresMultipleCuts" methodname="LongNote_RequiresMultipleCuts" classname="DirectionAndLongNoteTests" runstate="Runnable" seed="1800269716" result="Passed" start-time="2026-07-05 12:08:34Z" end-time="2026-07-05 12:08:34Z" duration="0.003156" asserts="0">
          <properties>
            <property name="retryIteration" value="0" />
            <property name="repeatIteration" value="0" />
          </properties>
        </test-case>
        <test-case id="1068" name="LongNote_ZeroCutThenMiss_FiresOnMiss" fullname="DirectionAndLongNoteTests.LongNote_ZeroCutThenMiss_FiresOnMiss" methodname="LongNote_ZeroCutThenMiss_FiresOnMiss" classname="DirectionAndLongNoteTests" runstate="Runnable" seed="952791684" result="Passed" start-time="2026-07-05 12:08:34Z" end-time="2026-07-05 12:08:34Z" duration="0.001073" asserts="0">
          <properties>
            <property name="retryIteration" value="0" />
            <property name="repeatIteration" value="0" />
          </properties>
        </test-case>
        <test-case id="1064" name="NormalNote_AnyDirectionIsCorrect" fullname="DirectionAndLongNoteTests.NormalNote_AnyDirectionIsCorrect" methodname="NormalNote_AnyDirectionIsCorrect" classname="DirectionAndLongNoteTests" runstate="Runnable" seed="2071569461" result="Passed" start-time="2026-07-05 12:08:34Z" end-time="2026-07-05 12:08:34Z" duration="0.001427" asserts="0">
          <properties>
            <property name="retryIteration" value="0" />
            <property name="repeatIteration" value="0" />
          </properties>
        </test-case>
      </test-suite>
      <test-suite type="TestFixture" id="1071" name="DirectionFlickScoreTests" fullname="DirectionFlickScoreTests" classname="DirectionFlickScoreTests" runstate="Runnable" testcasecount="2" result="Passed" start-time="2026-07-05 12:08:34Z" end-time="2026-07-05 12:08:34Z" duration="0.007156" total="2" passed="2" failed="0" inconclusive="0" skipped="0" asserts="0">
        <properties />
        <test-case id="1072" name="DowngradeTier_ShiftsByOne" fullname="DirectionFlickScoreTests.DowngradeTier_ShiftsByOne" methodname="DowngradeTier_ShiftsByOne" classname="DirectionFlickScoreTests" runstate="Runnable" seed="1761828811" result="Passed" start-time="2026-07-05 12:08:34Z" end-time="2026-07-05 12:08:34Z" duration="0.000768" asserts="0">
          <properties>
            <property name="retryIteration" value="0" />
            <property name="repeatIteration" value="0" />
          </properties>
        </test-case>
        <test-case id="1073" name="RegisterHit_PerfectAfterDowngrade_IsGreat" fullname="DirectionFlickScoreTests.RegisterHit_PerfectAfterDowngrade_IsGreat" methodname="RegisterHit_PerfectAfterDowngrade_IsGreat" classname="DirectionFlickScoreTests" runstate="Runnable" seed="1110720812" result="Passed" start-time="2026-07-05 12:08:34Z" end-time="2026-07-05 12:08:34Z" duration="0.001917" asserts="0">
          <properties>
            <property name="retryIteration" value="0" />
            <property name="repeatIteration" value="0" />
          </properties>
        </test-case>
      </test-suite>
      <test-suite type="TestFixture" id="1074" name="FloorRendererTests" fullname="FloorRendererTests" classname="FloorRendererTests" runstate="Runnable" testcasecount="7" result="Passed" start-time="2026-07-05 12:08:34Z" end-time="2026-07-05 12:08:34Z" duration="0.044120" total="7" passed="7" failed="0" inconclusive="0" skipped="0" asserts="0">
        <properties />
        <test-case id="1078" name="Build_Creates3FloorLanes" fullname="FloorRendererTests.Build_Creates3FloorLanes" methodname="Build_Creates3FloorLanes" classname="FloorRendererTests" runstate="Runnable" seed="570042368" result="Passed" start-time="2026-07-05 12:08:34Z" end-time="2026-07-05 12:08:34Z" duration="0.011184" asserts="0">
          <properties>
            <property name="retryIteration" value="0" />
            <property name="repeatIteration" value="0" />
          </properties>
        </test-case>
        <test-case id="1077" name="Build_CreatesBaseFloor" fullname="FloorRendererTests.Build_CreatesBaseFloor" methodname="Build_CreatesBaseFloor" classname="FloorRendererTests" runstate="Runnable" seed="37308302" result="Passed" start-time="2026-07-05 12:08:34Z" end-time="2026-07-05 12:08:34Z" duration="0.005902" asserts="0">
          <properties>
            <property name="retryIteration" value="0" />
            <property name="repeatIteration" value="0" />
          </properties>
        </test-case>
        <test-case id="1080" name="Build_CreatesFloorDepthLines" fullname="FloorRendererTests.Build_CreatesFloorDepthLines" methodname="Build_CreatesFloorDepthLines" classname="FloorRendererTests" runstate="Runnable" seed="409023224" result="Passed" start-time="2026-07-05 12:08:34Z" end-time="2026-07-05 12:08:34Z" duration="0.004190" asserts="0">
          <properties>
            <property name="retryIteration" value="0" />
            <property name="repeatIteration" value="0" />
          </properties>
        </test-case>
        <test-case id="1079" name="Build_NoCeilingByDefault" fullname="FloorRendererTests.Build_NoCeilingByDefault" methodname="Build_NoCeilingByDefault" classname="FloorRendererTests" runstate="Runnable" seed="1293252443" result="Passed" start-time="2026-07-05 12:08:34Z" end-time="2026-07-05 12:08:34Z" duration="0.005761" asserts="0">
          <properties>
            <property name="retryIteration" value="0" />
            <property name="repeatIteration" value="0" />
          </properties>
        </test-case>
        <test-case id="1081" name="Build_StripsCollidersFromAllParts" fullname="FloorRendererTests.Build_StripsCollidersFromAllParts" methodname="Build_StripsCollidersFromAllParts" classname="FloorRendererTests" runstate="Runnable" seed="184884537" result="Passed" start-time="2026-07-05 12:08:34Z" end-time="2026-07-05 12:08:34Z" duration="0.004526" asserts="0">
          <properties>
            <property name="retryIteration" value="0" />
            <property name="repeatIteration" value="0" />
          </properties>
        </test-case>
        <test-case id="1075" name="Ensure_CreatesFloorRenderer" fullname="FloorRendererTests.Ensure_CreatesFloorRenderer" methodname="Ensure_CreatesFloorRenderer" classname="FloorRendererTests" runstate="Runnable" seed="292407991" result="Passed" start-time="2026-07-05 12:08:34Z" end-time="2026-07-05 12:08:34Z" duration="0.003551" asserts="0">
          <properties>
            <property name="retryIteration" value="0" />
            <property name="repeatIteration" value="0" />
          </properties>
        </test-case>
        <test-case id="1076" name="Ensure_IsIdempotent" fullname="FloorRendererTests.Ensure_IsIdempotent" methodname="Ensure_IsIdempotent" classname="FloorRendererTests" runstate="Runnable" seed="1322237963" result="Passed" start-time="2026-07-05 12:08:34Z" end-time="2026-07-05 12:08:34Z" duration="0.004241" asserts="0">
          <properties>
            <property name="retryIteration" value="0" />
            <property name="repeatIteration" value="0" />
          </properties>
        </test-case>
      </test-suite>
      <test-suite type="TestFixture" id="1082" name="FollowTransformWorldOffsetTests" fullname="FollowTransformWorldOffsetTests" classname="FollowTransformWorldOffsetTests" runstate="Runnable" testcasecount="1" result="Passed" start-time="2026-07-05 12:08:34Z" end-time="2026-07-05 12:08:34Z" duration="0.006636" total="1" passed="1" failed="0" inconclusive="0" skipped="0" asserts="0">
        <properties />
        <test-case id="1083" name="Follower_PositionEqualsTargetPlusOffset_AfterLateUpdate" fullname="FollowTransformWorldOffsetTests.Follower_PositionEqualsTargetPlusOffset_AfterLateUpdate" methodname="Follower_PositionEqualsTargetPlusOffset_AfterLateUpdate" classname="FollowTransformWorldOffsetTests" runstate="Runnable" seed="1611919913" result="Passed" start-time="2026-07-05 12:08:34Z" end-time="2026-07-05 12:08:34Z" duration="0.004066" asserts="0">
          <properties>
            <property name="retryIteration" value="0" />
            <property name="repeatIteration" value="0" />
          </properties>
        </test-case>
      </test-suite>
      <test-suite type="TestFixture" id="1084" name="GameHUDSkinTests" fullname="GameHUDSkinTests" classname="GameHUDSkinTests" runstate="Runnable" testcasecount="14" result="Passed" start-time="2026-07-05 12:08:34Z" end-time="2026-07-05 12:08:42Z" duration="8.347418" total="14" passed="14" failed="0" inconclusive="0" skipped="0" asserts="0">
        <properties />
        <test-case id="1096" name="Build_CreatesCoreElements" fullname="GameHUDSkinTests.Build_CreatesCoreElements" methodname="Build_CreatesCoreElements" classname="GameHUDSkinTests" runstate="Runnable" seed="1180956140" result="Passed" start-time="2026-07-05 12:08:34Z" end-time="2026-07-05 12:08:42Z" duration="8.293908" asserts="0">
          <properties>
            <property name="retryIteration" value="0" />
            <property name="repeatIteration" value="0" />
          </properties>
        </test-case>
        <test-case id="1098" name="Build_DisablesLegacyScoreHud" fullname="GameHUDSkinTests.Build_DisablesLegacyScoreHud" methodname="Build_DisablesLegacyScoreHud" classname="GameHUDSkinTests" runstate="Runnable" seed="1738982734" result="Passed" start-time="2026-07-05 12:08:42Z" end-time="2026-07-05 12:08:42Z" duration="0.014682" asserts="0">
          <properties>
            <property name="retryIteration" value="0" />
            <property name="repeatIteration" value="0" />
          </properties>
        </test-case>
        <test-case id="1097" name="Build_SongTitleShowsJapaneseTitle_WithLegacyText" fullname="GameHUDSkinTests.Build_SongTitleShowsJapaneseTitle_WithLegacyText" methodname="Build_SongTitleShowsJapaneseTitle_WithLegacyText" classname="GameHUDSkinTests" runstate="Runnable" seed="632257616" result="Passed" start-time="2026-07-05 12:08:42Z" end-time="2026-07-05 12:08:42Z" duration="0.008016" asserts="0">
          <properties>
            <property name="retryIteration" value="0" />
            <property name="repeatIteration" value="0" />
          </properties>
        </test-case>
        <test-case id="1088" name="ComboColor_MatchesLegacyTiers" fullname="GameHUDSkinTests.ComboColor_MatchesLegacyTiers" methodname="ComboColor_MatchesLegacyTiers" classname="GameHUDSkinTests" runstate="Runnable" seed="2126842775" result="Passed" start-time="2026-07-05 12:08:42Z" end-time="2026-07-05 12:08:42Z" duration="0.002961" asserts="0">
          <properties>
            <property name="retryIteration" value="0" />
            <property name="repeatIteration" value="0" />
          </properties>
        </test-case>
        <test-case id="1093" name="DifficultyColor_MapsEasyNormalHard" fullname="GameHUDSkinTests.DifficultyColor_MapsEasyNormalHard" methodname="DifficultyColor_MapsEasyNormalHard" classname="GameHUDSkinTests" runstate="Runnable" seed="1702766979" result="Passed" start-time="2026-07-05 12:08:42Z" end-time="2026-07-05 12:08:42Z" duration="0.000969" asserts="0">
          <properties>
            <property name="retryIteration" value="0" />
            <property name="repeatIteration" value="0" />
          </properties>
        </test-case>
        <test-case id="1094" name="Ensure_CreatesAndBuilds" fullname="GameHUDSkinTests.Ensure_CreatesAndBuilds" methodname="Ensure_CreatesAndBuilds" classname="GameHUDSkinTests" runstate="Runnable" seed="1408819048" result="Passed" start-time="2026-07-05 12:08:42Z" end-time="2026-07-05 12:08:42Z" duration="0.007318" asserts="0">
          <properties>
            <property name="retryIteration" value="0" />
            <property name="repeatIteration" value="0" />
          </properties>
        </test-case>
        <test-case id="1095" name="Ensure_IsIdempotent" fullname="GameHUDSkinTests.Ensure_IsIdempotent" methodname="Ensure_IsIdempotent" classname="GameHUDSkinTests" runstate="Runnable" seed="1104015370" result="Passed" start-time="2026-07-05 12:08:42Z" end-time="2026-07-05 12:08:42Z" duration="0.007035" asserts="0">
          <properties>
            <property name="retryIteration" value="0" />
            <property name="repeatIteration" value="0" />
          </properties>
        </test-case>
        <test-case id="1090" name="FormatTimingHint_EarlyAndLate" fullname="GameHUDSkinTests.FormatTimingHint_EarlyAndLate" methodname="FormatTimingHint_EarlyAndLate" classname="GameHUDSkinTests" runstate="Runnable" seed="1895865269" result="Passed" start-time="2026-07-05 12:08:42Z" end-time="2026-07-05 12:08:42Z" duration="0.001061" asserts="0">
          <properties>
            <property name="retryIteration" value="0" />
            <property name="repeatIteration" value="0" />
          </properties>
        </test-case>
        <test-case id="1089" name="FormatTimingHint_HiddenForPerfectMissAndInvalid" fullname="GameHUDSkinTests.FormatTimingHint_HiddenForPerfectMissAndInvalid" methodname="FormatTimingHint_HiddenForPerfectMissAndInvalid" classname="GameHUDSkinTests" runstate="Runnable" seed="61471222" result="Passed" start-time="2026-07-05 12:08:42Z" end-time="2026-07-05 12:08:42Z" duration="0.000730" asserts="0">
          <properties>
            <property name="retryIteration" value="0" />
            <property name="repeatIteration" value="0" />
          </properties>
        </test-case>
        <test-case id="1087" name="Progress01_Clamps" fullname="GameHUDSkinTests.Progress01_Clamps" methodname="Progress01_Clamps" classname="GameHUDSkinTests" runstate="Runnable" seed="1343311655" result="Passed" start-time="2026-07-05 12:08:42Z" end-time="2026-07-05 12:08:42Z" duration="0.000683" asserts="0">
          <properties>
            <property name="retryIteration" value="0" />
            <property name="repeatIteration" value="0" />
          </properties>
        </test-case>
        <test-case id="1086" name="Progress01_Halfway" fullname="GameHUDSkinTests.Progress01_Halfway" methodname="Progress01_Halfway" classname="GameHUDSkinTests" runstate="Runnable" seed="112448429" result="Passed" start-time="2026-07-05 12:08:42Z" end-time="2026-07-05 12:08:42Z" duration="0.000400" asserts="0">
          <properties>
            <property name="retryIteration" value="0" />
            <property name="repeatIteration" value="0" />
          </properties>
        </test-case>
        <test-case id="1085" name="Progress01_ZeroDuration_ReturnsZero" fullname="GameHUDSkinTests.Progress01_ZeroDuration_ReturnsZero" methodname="Progress01_ZeroDuration_ReturnsZero" classname="GameHUDSkinTests" runstate="Runnable" seed="174672725" result="Passed" start-time="2026-07-05 12:08:42Z" end-time="2026-07-05 12:08:42Z" duration="0.000439" asserts="0">
          <properties>
            <property name="retryIteration" value="0" />
            <property name="repeatIteration" value="0" />
          </properties>
        </test-case>
        <test-case id="1092" name="TierColor_PerfectIsCyan_MissIsGray" fullname="GameHUDSkinTests.TierColor_PerfectIsCyan_MissIsGray" methodname="TierColor_PerfectIsCyan_MissIsGray" classname="GameHUDSkinTests" runstate="Runnable" seed="1968872345" result="Passed" start-time="2026-07-05 12:08:42Z" end-time="2026-07-05 12:08:42Z" duration="0.001346" asserts="0">
          <properties>
            <property name="retryIteration" value="0" />
            <property name="repeatIteration" value="0" />
          </properties>
        </test-case>
        <test-case id="1091" name="TimingHintColor_EarlyIsBlueish_LateIsOrange" fullname="GameHUDSkinTests.TimingHintColor_EarlyIsBlueish_LateIsOrange" methodname="TimingHintColor_EarlyIsBlueish_LateIsOrange" classname="GameHUDSkinTests" runstate="Runnable" seed="2016668014" result="Passed" start-time="2026-07-05 12:08:42Z" end-time="2026-07-05 12:08:42Z" duration="0.000952" asserts="0">
          <properties>
            <property name="retryIteration" value="0" />
            <property name="repeatIteration" value="0" />
          </properties>
        </test-case>
      </test-suite>
      <test-suite type="TestFixture" id="1099" name="GameSessionTests" fullname="GameSessionTests" classname="GameSessionTests" runstate="Runnable" testcasecount="2" result="Passed" start-time="2026-07-05 12:08:42Z" end-time="2026-07-05 12:08:42Z" duration="0.008775" total="2" passed="2" failed="0" inconclusive="0" skipped="0" asserts="0">
        <properties />
        <test-case id="1100" name="ResetResult_ClearsScoreFields" fullname="GameSessionTests.ResetResult_ClearsScoreFields" methodname="ResetResult_ClearsScoreFields" classname="GameSessionTests" runstate="Runnable" seed="1735573286" result="Passed" start-time="2026-07-05 12:08:42Z" end-time="2026-07-05 12:08:42Z" duration="0.000747" asserts="0">
          <properties>
            <property name="retryIteration" value="0" />
            <property name="repeatIteration" value="0" />
          </properties>
        </test-case>
        <test-case id="1101" name="ResetResult_DoesNotClearSelectedSong" fullname="GameSessionTests.ResetResult_DoesNotClearSelectedSong" methodname="ResetResult_DoesNotClearSelectedSong" classname="GameSessionTests" runstate="Runnable" seed="630126956" result="Passed" start-time="2026-07-05 12:08:42Z" end-time="2026-07-05 12:08:42Z" duration="0.000361" asserts="0">
          <properties>
            <property name="retryIteration" value="0" />
            <property name="repeatIteration" value="0" />
          </properties>
        </test-case>
      </test-suite>
      <test-suite type="TestFixture" id="1102" name="GameStageSkinTests" fullname="GameStageSkinTests" classname="GameStageSkinTests" runstate="Runnable" testcasecount="12" result="Passed" start-time="2026-07-05 12:08:42Z" end-time="2026-07-05 12:08:42Z" duration="0.054958" total="12" passed="12" failed="0" inconclusive="0" skipped="0" asserts="0">
        <properties />
        <test-case id="1112" name="ApplyCameraAndFog_EnablesExponentialFog" fullname="GameStageSkinTests.ApplyCameraAndFog_EnablesExponentialFog" methodname="ApplyCameraAndFog_EnablesExponentialFog" classname="GameStageSkinTests" runstate="Runnable" seed="1679630444" result="Passed" start-time="2026-07-05 12:08:42Z" end-time="2026-07-05 12:08:42Z" duration="0.004941" asserts="0">
          <properties>
            <property name="retryIteration" value="0" />
            <property name="repeatIteration" value="0" />
          </properties>
        </test-case>
        <test-case id="1113" name="ApplyCameraAndFog_SetsCameraBackground" fullname="GameStageSkinTests.ApplyCameraAndFog_SetsCameraBackground" methodname="ApplyCameraAndFog_SetsCameraBackground" classname="GameStageSkinTests" runstate="Runnable" seed="1909700653" result="Passed" start-time="2026-07-05 12:08:42Z" end-time="2026-07-05 12:08:42Z" duration="0.004198" asserts="0">
          <properties>
            <property name="retryIteration" value="0" />
            <property name="repeatIteration" value="0" />
          </properties>
        </test-case>
        <test-case id="1114" name="BarLine_IsDarkerThanGate" fullname="GameStageSkinTests.BarLine_IsDarkerThanGate" methodname="BarLine_IsDarkerThanGate" classname="GameStageSkinTests" runstate="Runnable" seed="1191878284" result="Passed" start-time="2026-07-05 12:08:42Z" end-time="2026-07-05 12:08:42Z" duration="0.000466" asserts="0">
          <properties>
            <property name="retryIteration" value="0" />
            <property name="repeatIteration" value="0" />
          </properties>
        </test-case>
        <test-case id="1105" name="RestyleJudgeGuide_BuildsEightCornerBrackets" fullname="GameStageSkinTests.RestyleJudgeGuide_BuildsEightCornerBrackets" methodname="RestyleJudgeGuide_BuildsEightCornerBrackets" classname="GameStageSkinTests" runstate="Runnable" seed="275012144" result="Passed" start-time="2026-07-05 12:08:42Z" end-time="2026-07-05 12:08:42Z" duration="0.014282" asserts="0">
          <properties>
            <property name="retryIteration" value="0" />
            <property name="repeatIteration" value="0" />
          </properties>
        </test-case>
        <test-case id="1104" name="RestyleJudgeGuide_BuildsGateWithFourBars" fullname="GameStageSkinTests.RestyleJudgeGuide_BuildsGateWithFourBars" methodname="RestyleJudgeGuide_BuildsGateWithFourBars" classname="GameStageSkinTests" runstate="Runnable" seed="1231590706" result="Passed" start-time="2026-07-05 12:08:42Z" end-time="2026-07-05 12:08:42Z" duration="0.002945" asserts="0">
          <properties>
            <property name="retryIteration" value="0" />
            <property name="repeatIteration" value="0" />
          </properties>
        </test-case>
        <test-case id="1109" name="RestyleJudgeGuide_DimsPanelFill" fullname="GameStageSkinTests.RestyleJudgeGuide_DimsPanelFill" methodname="RestyleJudgeGuide_DimsPanelFill" classname="GameStageSkinTests" runstate="Runnable" seed="1301075755" result="Passed" start-time="2026-07-05 12:08:42Z" end-time="2026-07-05 12:08:42Z" duration="0.004544" asserts="0">
          <properties>
            <property name="retryIteration" value="0" />
            <property name="repeatIteration" value="0" />
          </properties>
        </test-case>
        <test-case id="1111" name="RestyleJudgeGuide_GuideWithoutPanel_DoesNotThrow" fullname="GameStageSkinTests.RestyleJudgeGuide_GuideWithoutPanel_DoesNotThrow" methodname="RestyleJudgeGuide_GuideWithoutPanel_DoesNotThrow" classname="GameStageSkinTests" runstate="Runnable" seed="1496186259" result="Passed" start-time="2026-07-05 12:08:42Z" end-time="2026-07-05 12:08:42Z" duration="0.003014" asserts="0">
          <properties>
            <property name="retryIteration" value="0" />
            <property name="repeatIteration" value="0" />
          </properties>
        </test-case>
        <test-case id="1106" name="RestyleJudgeGuide_IsIdempotent" fullname="GameStageSkinTests.RestyleJudgeGuide_IsIdempotent" methodname="RestyleJudgeGuide_IsIdempotent" classname="GameStageSkinTests" runstate="Runnable" seed="2026837252" result="Passed" start-time="2026-07-05 12:08:42Z" end-time="2026-07-05 12:08:42Z" duration="0.003345" asserts="0">
          <properties>
            <property name="retryIteration" value="0" />
            <property name="repeatIteration" value="0" />
          </properties>
        </test-case>
        <test-case id="1110" name="RestyleJudgeGuide_NullGuide_DoesNotThrow" fullname="GameStageSkinTests.RestyleJudgeGuide_NullGuide_DoesNotThrow" methodname="RestyleJudgeGuide_NullGuide_DoesNotThrow" classname="GameStageSkinTests" runstate="Runnable" seed="92375648" result="Passed" start-time="2026-07-05 12:08:42Z" end-time="2026-07-05 12:08:42Z" duration="0.001101" asserts="0">
          <properties>
            <property name="retryIteration" value="0" />
            <property name="repeatIteration" value="0" />
          </properties>
        </test-case>
        <test-case id="1108" name="RestyleJudgeGuide_RemovesOldGlowAndBeatLine" fullname="GameStageSkinTests.RestyleJudgeGuide_RemovesOldGlowAndBeatLine" methodname="RestyleJudgeGuide_RemovesOldGlowAndBeatLine" classname="GameStageSkinTests" runstate="Runnable" seed="599027215" result="Passed" start-time="2026-07-05 12:08:42Z" end-time="2026-07-05 12:08:42Z" duration="0.003043" asserts="0">
          <properties>
            <property name="retryIteration" value="0" />
            <property name="repeatIteration" value="0" />
          </properties>
        </test-case>
        <test-case id="1107" name="RestyleJudgeGuide_StripsCollidersFromGateParts" fullname="GameStageSkinTests.RestyleJudgeGuide_StripsCollidersFromGateParts" methodname="RestyleJudgeGuide_StripsCollidersFromGateParts" classname="GameStageSkinTests" runstate="Runnable" seed="2009827405" result="Passed" start-time="2026-07-05 12:08:42Z" end-time="2026-07-05 12:08:42Z" duration="0.002900" asserts="0">
          <properties>
            <property name="retryIteration" value="0" />
            <property name="repeatIteration" value="0" />
          </properties>
        </test-case>
        <test-case id="1103" name="RestyleJudgeGuide_StripsLegacyChildren" fullname="GameStageSkinTests.RestyleJudgeGuide_StripsLegacyChildren" methodname="RestyleJudgeGuide_StripsLegacyChildren" classname="GameStageSkinTests" runstate="Runnable" seed="571907831" result="Passed" start-time="2026-07-05 12:08:42Z" end-time="2026-07-05 12:08:42Z" duration="0.003347" asserts="0">
          <properties>
            <property name="retryIteration" value="0" />
            <property name="repeatIteration" value="0" />
          </properties>
        </test-case>
      </test-suite>
      <test-suite type="TestFixture" id="1115" name="GateBeatPulseTests" fullname="GateBeatPulseTests" classname="GateBeatPulseTests" runstate="Runnable" testcasecount="9" result="Passed" start-time="2026-07-05 12:08:42Z" end-time="2026-07-05 12:08:42Z" duration="0.020537" total="9" passed="9" failed="0" inconclusive="0" skipped="0" asserts="0">
        <properties />
        <test-case id="1122" name="Ensure_AttachesToJudgeGate" fullname="GateBeatPulseTests.Ensure_AttachesToJudgeGate" methodname="Ensure_AttachesToJudgeGate" classname="GateBeatPulseTests" runstate="Runnable" seed="693340560" result="Passed" start-time="2026-07-05 12:08:42Z" end-time="2026-07-05 12:08:42Z" duration="0.007881" asserts="0">
          <properties>
            <property name="retryIteration" value="0" />
            <property name="repeatIteration" value="0" />
          </properties>
        </test-case>
        <test-case id="1123" name="Ensure_IsIdempotent_AndUpdatesParams" fullname="GateBeatPulseTests.Ensure_IsIdempotent_AndUpdatesParams" methodname="Ensure_IsIdempotent_AndUpdatesParams" classname="GateBeatPulseTests" runstate="Runnable" seed="178079718" result="Passed" start-time="2026-07-05 12:08:42Z" end-time="2026-07-05 12:08:42Z" duration="0.003089" asserts="0">
          <properties>
            <property name="retryIteration" value="0" />
            <property name="repeatIteration" value="0" />
          </properties>
        </test-case>
        <test-case id="1124" name="Ensure_ReturnsNull_WithoutGate" fullname="GateBeatPulseTests.Ensure_ReturnsNull_WithoutGate" methodname="Ensure_ReturnsNull_WithoutGate" classname="GateBeatPulseTests" runstate="Runnable" seed="3372385" result="Passed" start-time="2026-07-05 12:08:42Z" end-time="2026-07-05 12:08:42Z" duration="0.000581" asserts="0">
          <properties>
            <property name="retryIteration" value="0" />
            <property name="repeatIteration" value="0" />
          </properties>
        </test-case>
        <test-case id="1117" name="Intensity_DecaysToZero_AfterDecaySeconds" fullname="GateBeatPulseTests.Intensity_DecaysToZero_AfterDecaySeconds" methodname="Intensity_DecaysToZero_AfterDecaySeconds" classname="GateBeatPulseTests" runstate="Runnable" seed="1140343465" result="Passed" start-time="2026-07-05 12:08:42Z" end-time="2026-07-05 12:08:42Z" duration="0.001748" asserts="0">
          <properties>
            <property name="retryIteration" value="0" />
            <property name="repeatIteration" value="0" />
          </properties>
        </test-case>
        <test-case id="1121" name="Intensity_InvalidInputs_ReturnZero" fullname="GateBeatPulseTests.Intensity_InvalidInputs_ReturnZero" methodname="Intensity_InvalidInputs_ReturnZero" classname="GateBeatPulseTests" runstate="Runnable" seed="838778526" result="Passed" start-time="2026-07-05 12:08:42Z" end-time="2026-07-05 12:08:42Z" duration="0.000464" asserts="0">
          <properties>
            <property name="retryIteration" value="0" />
            <property name="repeatIteration" value="0" />
          </properties>
        </test-case>
        <test-case id="1116" name="Intensity_IsOne_AtBeatInstant" fullname="GateBeatPulseTests.Intensity_IsOne_AtBeatInstant" methodname="Intensity_IsOne_AtBeatInstant" classname="GateBeatPulseTests" runstate="Runnable" seed="1885987885" result="Passed" start-time="2026-07-05 12:08:42Z" end-time="2026-07-05 12:08:42Z" duration="0.000353" asserts="0">
          <properties>
            <property name="retryIteration" value="0" />
            <property name="repeatIteration" value="0" />
          </properties>
        </test-case>
        <test-case id="1118" name="Intensity_LinearMidpoint" fullname="GateBeatPulseTests.Intensity_LinearMidpoint" methodname="Intensity_LinearMidpoint" classname="GateBeatPulseTests" runstate="Runnable" seed="1955468860" result="Passed" start-time="2026-07-05 12:08:42Z" end-time="2026-07-05 12:08:42Z" duration="0.000337" asserts="0">
          <properties>
            <property name="retryIteration" value="0" />
            <property name="repeatIteration" value="0" />
          </properties>
        </test-case>
        <test-case id="1120" name="Intensity_RespectsOffset" fullname="GateBeatPulseTests.Intensity_RespectsOffset" methodname="Intensity_RespectsOffset" classname="GateBeatPulseTests" runstate="Runnable" seed="1721300527" result="Passed" start-time="2026-07-05 12:08:42Z" end-time="2026-07-05 12:08:42Z" duration="0.000310" asserts="0">
          <properties>
            <property name="retryIteration" value="0" />
            <property name="repeatIteration" value="0" />
          </properties>
        </test-case>
        <test-case id="1119" name="Intensity_ZeroBeforeSongStart" fullname="GateBeatPulseTests.Intensity_ZeroBeforeSongStart" methodname="Intensity_ZeroBeforeSongStart" classname="GateBeatPulseTests" runstate="Runnable" seed="1284441413" result="Passed" start-time="2026-07-05 12:08:42Z" end-time="2026-07-05 12:08:42Z" duration="0.000296" asserts="0">
          <properties>
            <property name="retryIteration" value="0" />
            <property name="repeatIteration" value="0" />
          </properties>
        </test-case>
      </test-suite>
      <test-suite type="TestFixture" id="1125" name="GoldNoteSfxTests" fullname="GoldNoteSfxTests" classname="GoldNoteSfxTests" runstate="Runnable" testcasecount="2" result="Passed" start-time="2026-07-05 12:08:42Z" end-time="2026-07-05 12:08:42Z" duration="0.030367" total="2" passed="2" failed="0" inconclusive="0" skipped="0" asserts="0">
        <properties />
        <test-case id="1127" name="GoldSfx_OnlyAttachesToGoldNotes" fullname="GoldNoteSfxTests.GoldSfx_OnlyAttachesToGoldNotes" methodname="GoldSfx_OnlyAttachesToGoldNotes" classname="GoldNoteSfxTests" runstate="Runnable" seed="366209040" result="Passed" start-time="2026-07-05 12:08:42Z" end-time="2026-07-05 12:08:42Z" duration="0.022115" asserts="0">
          <properties>
            <property name="retryIteration" value="0" />
            <property name="repeatIteration" value="0" />
          </properties>
        </test-case>
        <test-case id="1126" name="Spawner_DetectsGoldFromChartColor" fullname="GoldNoteSfxTests.Spawner_DetectsGoldFromChartColor" methodname="Spawner_DetectsGoldFromChartColor" classname="GoldNoteSfxTests" runstate="Runnable" seed="275467360" result="Passed" start-time="2026-07-05 12:08:42Z" end-time="2026-07-05 12:08:42Z" duration="0.005168" asserts="0">
          <properties>
            <property name="retryIteration" value="0" />
            <property name="repeatIteration" value="0" />
          </properties>
        </test-case>
      </test-suite>
      <test-suite type="TestFixture" id="1128" name="HapticFeedbackTests" fullname="HapticFeedbackTests" classname="HapticFeedbackTests" runstate="Runnable" testcasecount="1" result="Passed" start-time="2026-07-05 12:08:42Z" end-time="2026-07-05 12:08:42Z" duration="0.004557" total="1" passed="1" failed="0" inconclusive="0" skipped="0" asserts="0">
        <properties />
        <test-case id="1129" name="DurationFor_DescendsByTier" fullname="HapticFeedbackTests.DurationFor_DescendsByTier" methodname="DurationFor_DescendsByTier" classname="HapticFeedbackTests" runstate="Runnable" seed="825455142" result="Passed" start-time="2026-07-05 12:08:42Z" end-time="2026-07-05 12:08:42Z" duration="0.001713" asserts="0">
          <properties>
            <property name="retryIteration" value="0" />
            <property name="repeatIteration" value="0" />
          </properties>
        </test-case>
      </test-suite>
      <test-suite type="TestFixture" id="1130" name="JudgmentOffsetTests" fullname="JudgmentOffsetTests" classname="JudgmentOffsetTests" runstate="Runnable" testcasecount="10" result="Passed" start-time="2026-07-05 12:08:42Z" end-time="2026-07-05 12:08:42Z" duration="0.065767" total="10" passed="10" failed="0" inconclusive="0" skipped="0" asserts="0">
        <properties />
        <test-case id="1133" name="GameSession_ClampsToBounds" fullname="JudgmentOffsetTests.GameSession_ClampsToBounds" methodname="GameSession_ClampsToBounds" classname="JudgmentOffsetTests" runstate="Runnable" seed="1368883822" result="Passed" start-time="2026-07-05 12:08:42Z" end-time="2026-07-05 12:08:42Z" duration="0.006327" asserts="0">
          <properties>
            <property name="retryIteration" value="0" />
            <property name="repeatIteration" value="0" />
          </properties>
        </test-case>
        <test-case id="1131" name="GameSession_DefaultOffsetIsZero" fullname="JudgmentOffsetTests.GameSession_DefaultOffsetIsZero" methodname="GameSession_DefaultOffsetIsZero" classname="JudgmentOffsetTests" runstate="Runnable" seed="1740531292" result="Passed" start-time="2026-07-05 12:08:42Z" end-time="2026-07-05 12:08:42Z" duration="0.000799" asserts="0">
          <properties>
            <property name="retryIteration" value="0" />
            <property name="repeatIteration" value="0" />
          </properties>
        </test-case>
        <test-case id="1134" name="GameSession_ResetClears" fullname="JudgmentOffsetTests.GameSession_ResetClears" methodname="GameSession_ResetClears" classname="JudgmentOffsetTests" runstate="Runnable" seed="2099173953" result="Passed" start-time="2026-07-05 12:08:42Z" end-time="2026-07-05 12:08:42Z" duration="0.000883" asserts="0">
          <properties>
            <property name="retryIteration" value="0" />
            <property name="repeatIteration" value="0" />
          </properties>
        </test-case>
        <test-case id="1132" name="GameSession_SetAndGet" fullname="JudgmentOffsetTests.GameSession_SetAndGet" methodname="GameSession_SetAndGet" classname="JudgmentOffsetTests" runstate="Runnable" seed="727850301" result="Passed" start-time="2026-07-05 12:08:42Z" end-time="2026-07-05 12:08:42Z" duration="0.000836" asserts="0">
          <properties>
            <property name="retryIteration" value="0" />
            <property name="repeatIteration" value="0" />
          </properties>
        </test-case>
        <test-case id="1139" name="Widget_Build_HasFourButtons" fullname="JudgmentOffsetTests.Widget_Build_HasFourButtons" methodname="Widget_Build_HasFourButtons" classname="JudgmentOffsetTests" runstate="Runnable" seed="10336383" result="Passed" start-time="2026-07-05 12:08:42Z" end-time="2026-07-05 12:08:42Z" duration="0.020705" asserts="0">
          <properties>
            <property name="retryIteration" value="0" />
            <property name="repeatIteration" value="0" />
          </properties>
        </test-case>
        <test-case id="1138" name="Widget_Change_ClampsToBounds" fullname="JudgmentOffsetTests.Widget_Change_ClampsToBounds" methodname="Widget_Change_ClampsToBounds" classname="JudgmentOffsetTests" runstate="Runnable" seed="271841408" result="Passed" start-time="2026-07-05 12:08:42Z" end-time="2026-07-05 12:08:42Z" duration="0.009113" asserts="0">
          <properties>
            <property name="retryIteration" value="0" />
            <property name="repeatIteration" value="0" />
          </properties>
        </test-case>
        <test-case id="1137" name="Widget_Change_UpdatesGameSession" fullname="JudgmentOffsetTests.Widget_Change_UpdatesGameSession" methodname="Widget_Change_UpdatesGameSession" classname="JudgmentOffsetTests" runstate="Runnable" seed="874391637" result="Passed" start-time="2026-07-05 12:08:42Z" end-time="2026-07-05 12:08:42Z" duration="0.005801" asserts="0">
          <properties>
            <property name="retryIteration" value="0" />
            <property name="repeatIteration" value="0" />
          </properties>
        </test-case>
        <test-case id="1135" name="Widget_Ensure_AddsToCanvas" fullname="JudgmentOffsetTests.Widget_Ensure_AddsToCanvas" methodname="Widget_Ensure_AddsToCanvas" classname="JudgmentOffsetTests" runstate="Runnable" seed="1994904990" result="Passed" start-time="2026-07-05 12:08:42Z" end-time="2026-07-05 12:08:42Z" duration="0.004350" asserts="0">
          <properties>
            <property name="retryIteration" value="0" />
            <property name="repeatIteration" value="0" />
          </properties>
        </test-case>
        <test-case id="1136" name="Widget_Ensure_IsIdempotent" fullname="JudgmentOffsetTests.Widget_Ensure_IsIdempotent" methodname="Widget_Ensure_IsIdempotent" classname="JudgmentOffsetTests" runstate="Runnable" seed="1248875240" result="Passed" start-time="2026-07-05 12:08:42Z" end-time="2026-07-05 12:08:42Z" duration="0.004277" asserts="0">
          <properties>
            <property name="retryIteration" value="0" />
            <property name="repeatIteration" value="0" />
          </properties>
        </test-case>
        <test-case id="1140" name="Widget_SetValue_OverridesCurrent" fullname="JudgmentOffsetTests.Widget_SetValue_OverridesCurrent" methodname="Widget_SetValue_OverridesCurrent" classname="JudgmentOffsetTests" runstate="Runnable" seed="572638102" result="Passed" start-time="2026-07-05 12:08:42Z" end-time="2026-07-05 12:08:42Z" duration="0.006714" asserts="0">
          <properties>
            <property name="retryIteration" value="0" />
            <property name="repeatIteration" value="0" />
          </properties>
        </test-case>
      </test-suite>
      <test-suite type="TestFixture" id="1141" name="JudgmentSfxTests" fullname="JudgmentSfxTests" classname="JudgmentSfxTests" runstate="Runnable" testcasecount="4" result="Passed" start-time="2026-07-05 12:08:42Z" end-time="2026-07-05 12:08:42Z" duration="0.025804" total="4" passed="4" failed="0" inconclusive="0" skipped="0" asserts="0">
        <properties />
        <test-case id="1142" name="Beep_ReturnsValidClip" fullname="JudgmentSfxTests.Beep_ReturnsValidClip" methodname="Beep_ReturnsValidClip" classname="JudgmentSfxTests" runstate="Runnable" seed="1559668730" result="Passed" start-time="2026-07-05 12:08:42Z" end-time="2026-07-05 12:08:42Z" duration="0.011807" asserts="0">
          <properties>
            <property name="retryIteration" value="0" />
            <property name="repeatIteration" value="0" />
          </properties>
        </test-case>
        <test-case id="1143" name="Buzz_ReturnsValidClip" fullname="JudgmentSfxTests.Buzz_ReturnsValidClip" methodname="Buzz_ReturnsValidClip" classname="JudgmentSfxTests" runstate="Runnable" seed="1459138024" result="Passed" start-time="2026-07-05 12:08:42Z" end-time="2026-07-05 12:08:42Z" duration="0.001979" asserts="0">
          <properties>
            <property name="retryIteration" value="0" />
            <property name="repeatIteration" value="0" />
          </properties>
        </test-case>
        <test-case id="1144" name="ClipFor_FallsBackToGeneratedBeep" fullname="JudgmentSfxTests.ClipFor_FallsBackToGeneratedBeep" methodname="ClipFor_FallsBackToGeneratedBeep" classname="JudgmentSfxTests" runstate="Runnable" seed="733842183" result="Passed" start-time="2026-07-05 12:08:42Z" end-time="2026-07-05 12:08:42Z" duration="0.006775" asserts="0">
          <properties>
            <property name="retryIteration" value="0" />
            <property name="repeatIteration" value="0" />
          </properties>
        </test-case>
        <test-case id="1145" name="ClipFor_PrefersAssignedClip" fullname="JudgmentSfxTests.ClipFor_PrefersAssignedClip" methodname="ClipFor_PrefersAssignedClip" classname="JudgmentSfxTests" runstate="Runnable" seed="64699516" result="Passed" start-time="2026-07-05 12:08:42Z" end-time="2026-07-05 12:08:42Z" duration="0.001360" asserts="0">
          <properties>
            <property name="retryIteration" value="0" />
            <property name="repeatIteration" value="0" />
          </properties>
        </test-case>
      </test-suite>
      <test-suite type="TestFixture" id="1146" name="JudgmentTestWidgetTests" fullname="JudgmentTestWidgetTests" classname="JudgmentTestWidgetTests" runstate="Runnable" testcasecount="8" result="Passed" start-time="2026-07-05 12:08:42Z" end-time="2026-07-05 12:08:42Z" duration="0.045251" total="8" passed="8" failed="0" inconclusive="0" skipped="0" asserts="0">
        <properties />
        <test-case id="1153" name="Build_AddsBackgroundImageAndToggleButton" fullname="JudgmentTestWidgetTests.Build_AddsBackgroundImageAndToggleButton" methodname="Build_AddsBackgroundImageAndToggleButton" classname="JudgmentTestWidgetTests" runstate="Runnable" seed="731070477" result="Passed" start-time="2026-07-05 12:08:42Z" end-time="2026-07-05 12:08:42Z" duration="0.010680" asserts="0">
          <properties>
            <property name="retryIteration" value="0" />
            <property name="repeatIteration" value="0" />
          </properties>
        </test-case>
        <test-case id="1147" name="Ensure_CreatesWidgetOnCanvas" fullname="JudgmentTestWidgetTests.Ensure_CreatesWidgetOnCanvas" methodname="Ensure_CreatesWidgetOnCanvas" classname="JudgmentTestWidgetTests" runstate="Runnable" seed="1584281643" result="Passed" start-time="2026-07-05 12:08:42Z" end-time="2026-07-05 12:08:42Z" duration="0.003811" asserts="0">
          <properties>
            <property name="retryIteration" value="0" />
            <property name="repeatIteration" value="0" />
          </properties>
        </test-case>
[...]
          <properties>
            <property name="retryIteration" value="0" />
            <property name="repeatIteration" value="0" />
          </properties>
        </test-case>
      </test-suite>
      <test-suite type="TestFixture" id="1271" name="SlicePieceDecayTests" fullname="SlicePieceDecayTests" classname="SlicePieceDecayTests" runstate="Runnable" testcasecount="1" result="Passed" start-time="2026-07-05 12:08:43Z" end-time="2026-07-05 12:08:43Z" duration="0.007347" total="1" passed="1" failed="0" inconclusive="0" skipped="0" asserts="0">
        <properties />
        <test-case id="1272" name="SetOwnedMaterial_AssignsToRendererAndDestroysOnGo" fullname="SlicePieceDecayTests.SetOwnedMaterial_AssignsToRendererAndDestroysOnGo" methodname="SetOwnedMaterial_AssignsToRendererAndDestroysOnGo" classname="SlicePieceDecayTests" runstate="Runnable" seed="1013110008" result="Passed" start-time="2026-07-05 12:08:43Z" end-time="2026-07-05 12:08:43Z" duration="0.004701" asserts="0">
          <properties>
            <property name="retryIteration" value="0" />
            <property name="repeatIteration" value="0" />
          </properties>
        </test-case>
      </test-suite>
      <test-suite type="TestFixture" id="1273" name="SongRowFXTests" fullname="SongRowFXTests" classname="SongRowFXTests" runstate="Runnable" testcasecount="5" result="Passed" start-time="2026-07-05 12:08:43Z" end-time="2026-07-05 12:08:43Z" duration="0.023754" total="5" passed="5" failed="0" inconclusive="0" skipped="0" asserts="0">
        <properties />
        <test-case id="1275" name="Deselect_ReturnsToNormalState" fullname="SongRowFXTests.Deselect_ReturnsToNormalState" methodname="Deselect_ReturnsToNormalState" classname="SongRowFXTests" runstate="Runnable" seed="597039855" result="Passed" start-time="2026-07-05 12:08:43Z" end-time="2026-07-05 12:08:43Z" duration="0.008602" asserts="0">
          <properties>
            <property name="retryIteration" value="0" />
            <property name="repeatIteration" value="0" />
          </properties>
        </test-case>
        <test-case id="1277" name="Hover_ScalesRow_AndBacksOff" fullname="SongRowFXTests.Hover_ScalesRow_AndBacksOff" methodname="Hover_ScalesRow_AndBacksOff" classname="SongRowFXTests" runstate="Runnable" seed="2090313042" result="Passed" start-time="2026-07-05 12:08:43Z" end-time="2026-07-05 12:08:43Z" duration="0.003060" asserts="0">
          <properties>
            <property name="retryIteration" value="0" />
            <property name="repeatIteration" value="0" />
          </properties>
        </test-case>
        <test-case id="1278" name="LegacyLabelFallback_ColorAnimates" fullname="SongRowFXTests.LegacyLabelFallback_ColorAnimates" methodname="LegacyLabelFallback_ColorAnimates" classname="SongRowFXTests" runstate="Runnable" seed="1198558925" result="Passed" start-time="2026-07-05 12:08:43Z" end-time="2026-07-05 12:08:43Z" duration="0.002055" asserts="0">
          <properties>
            <property name="retryIteration" value="0" />
            <property name="repeatIteration" value="0" />
          </properties>
        </test-case>
        <test-case id="1274" name="Select_GrowsBar_AndWidensSpacing_AndBrightensFill" fullname="SongRowFXTests.Select_GrowsBar_AndWidensSpacing_AndBrightensFill" methodname="Select_GrowsBar_AndWidensSpacing_AndBrightensFill" classname="SongRowFXTests" runstate="Runnable" seed="1888793295" result="Passed" start-time="2026-07-05 12:08:43Z" end-time="2026-07-05 12:08:43Z" duration="0.003084" asserts="0">
          <properties>
            <property name="retryIteration" value="0" />
            <property name="repeatIteration" value="0" />
          </properties>
        </test-case>
        <test-case id="1276" name="SelectionPunch_SpikesSpacing_ThenSettles" fullname="SongRowFXTests.SelectionPunch_SpikesSpacing_ThenSettles" methodname="SelectionPunch_SpikesSpacing_ThenSettles" classname="SongRowFXTests" runstate="Runnable" seed="2092615197" result="Passed" start-time="2026-07-05 12:08:43Z" end-time="2026-07-05 12:08:43Z" duration="0.002645" asserts="0">
          <properties>
            <property name="retryIteration" value="0" />
            <property name="repeatIteration" value="0" />
          </properties>
        </test-case>
      </test-suite>
      <test-suite type="TestFixture" id="1279" name="Swing8DirectionLoggerTests" fullname="Swing8DirectionLoggerTests" classname="Swing8DirectionLoggerTests" runstate="Runnable" testcasecount="5" result="Passed" start-time="2026-07-05 12:08:43Z" end-time="2026-07-05 12:08:43Z" duration="0.008828" total="5" passed="5" failed="0" inconclusive="0" skipped="0" asserts="0">
        <properties />
        <test-case id="1283" name="FromSwing8Index_MatchesEnum" fullname="Swing8DirectionLoggerTests.FromSwing8Index_MatchesEnum" methodname="FromSwing8Index_MatchesEnum" classname="Swing8DirectionLoggerTests" runstate="Runnable" seed="317215585" result="Passed" start-time="2026-07-05 12:08:43Z" end-time="2026-07-05 12:08:43Z" duration="0.001024" asserts="0">
          <properties>
            <property name="retryIteration" value="0" />
            <property name="repeatIteration" value="0" />
          </properties>
        </test-case>
        <test-case id="1282" name="Get8DirectionIndex_DiagonalUpRightIsOne" fullname="Swing8DirectionLoggerTests.Get8DirectionIndex_DiagonalUpRightIsOne" methodname="Get8DirectionIndex_DiagonalUpRightIsOne" classname="Swing8DirectionLoggerTests" runstate="Runnable" seed="141447492" result="Passed" start-time="2026-07-05 12:08:43Z" end-time="2026-07-05 12:08:43Z" duration="0.002210" asserts="0">
          <properties>
            <property name="retryIteration" value="0" />
            <property name="repeatIteration" value="0" />
          </properties>
        </test-case>
        <test-case id="1280" name="Get8DirectionIndex_RightIsZero" fullname="Swing8DirectionLoggerTests.Get8DirectionIndex_RightIsZero" methodname="Get8DirectionIndex_RightIsZero" classname="Swing8DirectionLoggerTests" runstate="Runnable" seed="1006418852" result="Passed" start-time="2026-07-05 12:08:43Z" end-time="2026-07-05 12:08:43Z" duration="0.000490" asserts="0">
          <properties>
            <property name="retryIteration" value="0" />
            <property name="repeatIteration" value="0" />
          </properties>
        </test-case>
        <test-case id="1281" name="Get8DirectionIndex_UpIsTwo" fullname="Swing8DirectionLoggerTests.Get8DirectionIndex_UpIsTwo" methodname="Get8DirectionIndex_UpIsTwo" classname="Swing8DirectionLoggerTests" runstate="Runnable" seed="1770859202" result="Passed" start-time="2026-07-05 12:08:43Z" end-time="2026-07-05 12:08:43Z" duration="0.000341" asserts="0">
          <properties>
            <property name="retryIteration" value="0" />
            <property name="repeatIteration" value="0" />
          </properties>
        </test-case>
        <test-case id="1284" name="TryGetLatest_NoInstance_ReturnsFalse" fullname="Swing8DirectionLoggerTests.TryGetLatest_NoInstance_ReturnsFalse" methodname="TryGetLatest_NoInstance_ReturnsFalse" classname="Swing8DirectionLoggerTests" runstate="Runnable" seed="740087670" result="Passed" start-time="2026-07-05 12:08:43Z" end-time="2026-07-05 12:08:43Z" duration="0.000798" asserts="0">
          <properties>
            <property name="retryIteration" value="0" />
            <property name="repeatIteration" value="0" />
          </properties>
        </test-case>
      </test-suite>
      <test-suite type="TestFixture" id="1285" name="TitleStartNoteTests" fullname="TitleStartNoteTests" classname="TitleStartNoteTests" runstate="Runnable" testcasecount="3" result="Passed" start-time="2026-07-05 12:08:43Z" end-time="2026-07-05 12:08:43Z" duration="0.028962" total="3" passed="3" failed="0" inconclusive="0" skipped="0" asserts="0">
        <properties />
        <test-case id="1286" name="Build_CreatesJudgeableNoteWithVisuals" fullname="TitleStartNoteTests.Build_CreatesJudgeableNoteWithVisuals" methodname="Build_CreatesJudgeableNoteWithVisuals" classname="TitleStartNoteTests" runstate="Runnable" seed="74613891" result="Passed" start-time="2026-07-05 12:08:43Z" end-time="2026-07-05 12:08:43Z" duration="0.005549" asserts="0">
          <properties>
            <property name="retryIteration" value="0" />
            <property name="repeatIteration" value="0" />
          </properties>
        </test-case>
        <test-case id="1287" name="Cut_FiresOnSlashedOnce" fullname="TitleStartNoteTests.Cut_FiresOnSlashedOnce" methodname="Cut_FiresOnSlashedOnce" classname="TitleStartNoteTests" runstate="Runnable" seed="1547660467" result="Passed" start-time="2026-07-05 12:08:43Z" end-time="2026-07-05 12:08:43Z" duration="0.015799" asserts="0">
          <properties>
            <property name="retryIteration" value="0" />
            <property name="repeatIteration" value="0" />
          </properties>
        </test-case>
        <test-case id="1288" name="SlashProgrammatically_CutsTheNote" fullname="TitleStartNoteTests.SlashProgrammatically_CutsTheNote" methodname="SlashProgrammatically_CutsTheNote" classname="TitleStartNoteTests" runstate="Runnable" seed="1040221676" result="Passed" start-time="2026-07-05 12:08:43Z" end-time="2026-07-05 12:08:43Z" duration="0.004793" asserts="0">
          <properties>
            <property name="retryIteration" value="0" />
            <property name="repeatIteration" value="0" />
          </properties>
        </test-case>
      </test-suite>
      <test-suite type="TestFixture" id="1289" name="UISkinKitTests" fullname="UISkinKitTests" classname="UISkinKitTests" runstate="Runnable" testcasecount="12" result="Passed" start-time="2026-07-05 12:08:43Z" end-time="2026-07-05 12:08:43Z" duration="0.071596" total="12" passed="12" failed="0" inconclusive="0" skipped="0" asserts="0">
        <properties />
        <test-case id="1295" name="ApplyLogoGradient_SetsVertexGradientAndOutline" fullname="UISkinKitTests.ApplyLogoGradient_SetsVertexGradientAndOutline" methodname="ApplyLogoGradient_SetsVertexGradientAndOutline" classname="UISkinKitTests" runstate="Runnable" seed="733636025" result="Passed" start-time="2026-07-05 12:08:43Z" end-time="2026-07-05 12:08:43Z" duration="0.008121" asserts="0">
          <properties>
            <property name="retryIteration" value="0" />
            <property name="repeatIteration" value="0" />
          </properties>
        </test-case>
        <test-case id="1296" name="IsAsciiOnly_DetectsNonAscii" fullname="UISkinKitTests.IsAsciiOnly_DetectsNonAscii" methodname="IsAsciiOnly_DetectsNonAscii" classname="UISkinKitTests" runstate="Runnable" seed="1071593135" result="Passed" start-time="2026-07-05 12:08:43Z" end-time="2026-07-05 12:08:43Z" duration="0.000942" asserts="0">
          <properties>
            <property name="retryIteration" value="0" />
            <property name="repeatIteration" value="0" />
          </properties>
        </test-case>
        <test-case id="1294" name="LogoFontAsset_LoadsFromResources_AndCaches" fullname="UISkinKitTests.LogoFontAsset_LoadsFromResources_AndCaches" methodname="LogoFontAsset_LoadsFromResources_AndCaches" classname="UISkinKitTests" runstate="Runnable" seed="550221648" result="Passed" start-time="2026-07-05 12:08:43Z" end-time="2026-07-05 12:08:43Z" duration="0.000539" asserts="0">
          <properties>
            <property name="retryIteration" value="0" />
            <property name="repeatIteration" value="0" />
          </properties>
        </test-case>
        <test-case id="1297" name="MakeNeonButton_AsciiLabel_UsesLogoFont" fullname="UISkinKitTests.MakeNeonButton_AsciiLabel_UsesLogoFont" methodname="MakeNeonButton_AsciiLabel_UsesLogoFont" classname="UISkinKitTests" runstate="Runnable" seed="1388115323" result="Passed" start-time="2026-07-05 12:08:43Z" end-time="2026-07-05 12:08:43Z" duration="0.034507" asserts="0">
          <properties>
            <property name="retryIteration" value="0" />
            <property name="repeatIteration" value="0" />
          </properties>
        </test-case>
        <test-case id="1298" name="MakeNeonButton_BuildsAllParts" fullname="UISkinKitTests.MakeNeonButton_BuildsAllParts" methodname="MakeNeonButton_BuildsAllParts" classname="UISkinKitTests" runstate="Runnable" seed="105029964" result="Passed" start-time="2026-07-05 12:08:43Z" end-time="2026-07-05 12:08:43Z" duration="0.003810" asserts="0">
          <properties>
            <property name="retryIteration" value="0" />
            <property name="repeatIteration" value="0" />
          </properties>
        </test-case>
        <test-case id="1299" name="MakeNeonButton_FillUsesSlicedRoundedSprite" fullname="UISkinKitTests.MakeNeonButton_FillUsesSlicedRoundedSprite" methodname="MakeNeonButton_FillUsesSlicedRoundedSprite" classname="UISkinKitTests" runstate="Runnable" seed="687875879" result="Passed" start-time="2026-07-05 12:08:43Z" end-time="2026-07-05 12:08:43Z" duration="0.002678" asserts="0">
          <properties>
            <property name="retryIteration" value="0" />
            <property name="repeatIteration" value="0" />
          </properties>
        </test-case>
        <test-case id="1300" name="RestyleButton_DisablesLegacyText_AndCopiesLabel" fullname="UISkinKitTests.RestyleButton_DisablesLegacyText_AndCopiesLabel" methodname="RestyleButton_DisablesLegacyText_AndCopiesLabel" classname="UISkinKitTests" runstate="Runnable" seed="1702767052" result="Passed" start-time="2026-07-05 12:08:43Z" end-time="2026-07-05 12:08:43Z" duration="0.003657" asserts="0">
          <properties>
            <property name="retryIteration" value="0" />
            <property name="repeatIteration" value="0" />
          </properties>
        </test-case>
        <test-case id="1301" name="RestyleButton_RemovesLegacyOutline" fullname="UISkinKitTests.RestyleButton_RemovesLegacyOutline" methodname="RestyleButton_RemovesLegacyOutline" classname="UISkinKitTests" runstate="Runnable" seed="164686135" result="Passed" start-time="2026-07-05 12:08:43Z" end-time="2026-07-05 12:08:43Z" duration="0.003158" asserts="0">
          <properties>
            <property name="retryIteration" value="0" />
            <property name="repeatIteration" value="0" />
          </properties>
        </test-case>
        <test-case id="1292" name="RoundedFrame_IsDistinctFromFill" fullname="UISkinKitTests.RoundedFrame_IsDistinctFromFill" methodname="RoundedFrame_IsDistinctFromFill" classname="UISkinKitTests" runstate="Runnable" seed="1143023286" result="Passed" start-time="2026-07-05 12:08:43Z" end-time="2026-07-05 12:08:43Z" duration="0.000707" asserts="0">
          <properties>
            <property name="retryIteration" value="0" />
            <property name="repeatIteration" value="0" />
          </properties>
        </test-case>
        <test-case id="1291" name="RoundedRect_HasNineSliceBorder" fullname="UISkinKitTests.RoundedRect_HasNineSliceBorder" methodname="RoundedRect_HasNineSliceBorder" classname="UISkinKitTests" runstate="Runnable" seed="451209759" result="Passed" start-time="2026-07-05 12:08:43Z" end-time="2026-07-05 12:08:43Z" duration="0.001016" asserts="0">
          <properties>
            <property name="retryIteration" value="0" />
            <property name="repeatIteration" value="0" />
          </properties>
        </test-case>
        <test-case id="1290" name="RoundedRect_IsCachedSingleton" fullname="UISkinKitTests.RoundedRect_IsCachedSingleton" methodname="RoundedRect_IsCachedSingleton" classname="UISkinKitTests" runstate="Runnable" seed="1950211932" result="Passed" start-time="2026-07-05 12:08:43Z" end-time="2026-07-05 12:08:43Z" duration="0.000466" asserts="0">
          <properties>
            <property name="retryIteration" value="0" />
            <property name="repeatIteration" value="0" />
          </properties>
        </test-case>
        <test-case id="1293" name="SoftGlow_And_Vignette_AreCreated" fullname="UISkinKitTests.SoftGlow_And_Vignette_AreCreated" methodname="SoftGlow_And_Vignette_AreCreated" classname="UISkinKitTests" runstate="Runnable" seed="348959445" result="Passed" start-time="2026-07-05 12:08:43Z" end-time="2026-07-05 12:08:43Z" duration="0.005267" asserts="0">
          <properties>
            <property name="retryIteration" value="0" />
            <property name="repeatIteration" value="0" />
          </properties>
        </test-case>
      </test-suite>
      <test-suite type="TestFixture" id="1302" name="UISkinTests" fullname="UISkinTests" classname="UISkinTests" runstate="Runnable" testcasecount="5" result="Passed" start-time="2026-07-05 12:08:43Z" end-time="2026-07-05 12:08:43Z" duration="0.064785" total="5" passed="5" failed="0" inconclusive="0" skipped="0" asserts="0">
        <properties />
        <test-case id="1305" name="Backdrop_Build_CreatesGradientAndScanLinesAndGlow" fullname="UISkinTests.Backdrop_Build_CreatesGradientAndScanLinesAndGlow" methodname="Backdrop_Build_CreatesGradientAndScanLinesAndGlow" classname="UISkinTests" runstate="Runnable" seed="766823997" result="Passed" start-time="2026-07-05 12:08:43Z" end-time="2026-07-05 12:08:43Z" duration="0.028229" asserts="0">
          <properties>
            <property name="retryIteration" value="0" />
            <property name="repeatIteration" value="0" />
          </properties>
        </test-case>
        <test-case id="1303" name="Backdrop_Ensure_AddsBackdropAsFirstSibling" fullname="UISkinTests.Backdrop_Ensure_AddsBackdropAsFirstSibling" methodname="Backdrop_Ensure_AddsBackdropAsFirstSibling" classname="UISkinTests" runstate="Runnable" seed="785949077" result="Passed" start-time="2026-07-05 12:08:43Z" end-time="2026-07-05 12:08:43Z" duration="0.015853" asserts="0">
          <properties>
            <property name="retryIteration" value="0" />
            <property name="repeatIteration" value="0" />
          </properties>
        </test-case>
        <test-case id="1304" name="Backdrop_Ensure_IsIdempotent" fullname="UISkinTests.Backdrop_Ensure_IsIdempotent" methodname="Backdrop_Ensure_IsIdempotent" classname="UISkinTests" runstate="Runnable" seed="1817736368" result="Passed" start-time="2026-07-05 12:08:43Z" end-time="2026-07-05 12:08:43Z" duration="0.013829" asserts="0">
          <properties>
            <property name="retryIteration" value="0" />
            <property name="repeatIteration" value="0" />
          </properties>
        </test-case>
        <test-case id="1307" name="TitleSceneSkin_FindTextByContent_NotFound_ReturnsNull" fullname="UISkinTests.TitleSceneSkin_FindTextByContent_NotFound_ReturnsNull" methodname="TitleSceneSkin_FindTextByContent_NotFound_ReturnsNull" classname="UISkinTests" runstate="Runnable" seed="955533680" result="Passed" start-time="2026-07-05 12:08:43Z" end-time="2026-07-05 12:08:43Z" duration="0.001153" asserts="0">
          <properties>
            <property name="retryIteration" value="0" />
            <property name="repeatIteration" value="0" />
          </properties>
        </test-case>
        <test-case id="1306" name="TitleSceneSkin_FindTextByContent_ReturnsMatch" fullname="UISkinTests.TitleSceneSkin_FindTextByContent_ReturnsMatch" methodname="TitleSceneSkin_FindTextByContent_ReturnsMatch" classname="UISkinTests" runstate="Runnable" seed="1558769394" result="Passed" start-time="2026-07-05 12:08:43Z" end-time="2026-07-05 12:08:43Z" duration="0.001269" asserts="0">
          <properties>
            <property name="retryIteration" value="0" />
            <property name="repeatIteration" value="0" />
          </properties>
          <output><![CDATA[Saving results to: C:/Users/shike/AppData/LocalLow/DefaultCompany/ServTechSlash\TestResults.xml
]]></output>
        </test-case>
      </test-suite>
    </test-suite>
  </test-suite>
</test-run>